0 verbose cli C:\Program Files\nodejs\node.exe C:\Program Files\nodejs\node_modules\npm\bin\npm-cli.js
1 info using npm@10.8.2
2 info using node@v20.17.0
3 silly config load:file:C:\Program Files\nodejs\node_modules\npm\npmrc
4 silly config load:file:D:\Documents\Github\RiseAcademy Backend\AnonAlert\.npmrc
5 silly config load:file:C:\Users\hussa\.npmrc
6 silly config load:file:C:\Users\hussa\AppData\Roaming\npm\etc\npmrc
7 verbose title npm install express bcryptjs jsonwebtoken
8 verbose argv "install" "express" "bcryptjs" "jsonwebtoken"
9 verbose logfile logs-max:10 dir:D:\Documents\Github\RiseAcademy Backend\AnonAlert\npm-cache\_logs\2025-09-26T13_23_24_227Z-
10 verbose logfile D:\Documents\Github\RiseAcademy Backend\AnonAlert\npm-cache\_logs\2025-09-26T13_23_24_227Z-debug-0.log
11 silly packumentCache heap:2197815296 maxSize:549453824 maxEntrySize:274726912
12 silly logfile done cleaning log files
13 silly idealTree buildDeps
14 silly fetch manifest express@~4.16.1
15 silly packumentCache full:https://registry.npmjs.org/express cache-miss
16 http fetch GET 200 https://registry.npmjs.org/express 897ms (cache revalidated)
17 silly packumentCache full:https://registry.npmjs.org/express set size:796269 disposed:false
18 silly fetch manifest bcryptjs@*
19 silly packumentCache full:https://registry.npmjs.org/bcryptjs cache-miss
20 http fetch GET 200 https://registry.npmjs.org/bcryptjs 224ms (cache miss)
21 silly packumentCache full:https://registry.npmjs.org/bcryptjs set size:undefined disposed:false
22 silly fetch manifest jsonwebtoken@*
23 silly packumentCache full:https://registry.npmjs.org/jsonwebtoken cache-miss
24 http fetch GET 200 https://registry.npmjs.org/jsonwebtoken 198ms (cache miss)
25 silly packumentCache full:https://registry.npmjs.org/jsonwebtoken set size:undefined disposed:false
26 silly placeDep ROOT bcryptjs@3.0.2 OK for: anonalert@0.0.0 want: *
27 silly placeDep ROOT express@4.16.4 REPLACE for: anonalert@0.0.0 want: ~4.16.1
28 silly placeDep ROOT jsonwebtoken@9.0.2 OK for: anonalert@0.0.0 want: *
29 silly fetch manifest ms@^2.1.1
30 silly packumentCache full:https://registry.npmjs.org/ms cache-miss
31 silly fetch manifest jws@^3.2.2
32 silly packumentCache full:https://registry.npmjs.org/jws cache-miss
33 silly fetch manifest semver@^7.5.4
34 silly packumentCache full:https://registry.npmjs.org/semver cache-miss
35 silly fetch manifest lodash.once@^4.0.0
36 silly packumentCache full:https://registry.npmjs.org/lodash.once cache-miss
37 silly fetch manifest lodash.includes@^4.3.0
38 silly packumentCache full:https://registry.npmjs.org/lodash.includes cache-miss
39 silly fetch manifest lodash.isnumber@^3.0.3
40 silly packumentCache full:https://registry.npmjs.org/lodash.isnumber cache-miss
41 silly fetch manifest lodash.isstring@^4.0.1
42 silly packumentCache full:https://registry.npmjs.org/lodash.isstring cache-miss
43 silly fetch manifest lodash.isboolean@^3.0.3
44 silly packumentCache full:https://registry.npmjs.org/lodash.isboolean cache-miss
45 silly fetch manifest lodash.isinteger@^4.0.4
46 silly packumentCache full:https://registry.npmjs.org/lodash.isinteger cache-miss
47 silly fetch manifest lodash.isplainobject@^4.0.6
48 silly packumentCache full:https://registry.npmjs.org/lodash.isplainobject cache-miss
49 http fetch GET 200 https://registry.npmjs.org/jws 167ms (cache miss)
50 silly packumentCache full:https://registry.npmjs.org/jws set size:undefined disposed:false
51 http fetch GET 200 https://registry.npmjs.org/semver 565ms (cache miss)
52 silly packumentCache full:https://registry.npmjs.org/semver set size:undefined disposed:false
53 http fetch GET 200 https://registry.npmjs.org/lodash.isstring 570ms (cache miss)
54 silly packumentCache full:https://registry.npmjs.org/lodash.isstring set size:undefined disposed:false
55 http fetch GET 200 https://registry.npmjs.org/lodash.isnumber 572ms (cache miss)
56 silly packumentCache full:https://registry.npmjs.org/lodash.isnumber set size:undefined disposed:false
57 http fetch GET 200 https://registry.npmjs.org/lodash.includes 579ms (cache miss)
58 silly packumentCache full:https://registry.npmjs.org/lodash.includes set size:undefined disposed:false
59 http fetch GET 200 https://registry.npmjs.org/lodash.once 613ms (cache miss)
60 silly packumentCache full:https://registry.npmjs.org/lodash.once set size:undefined disposed:false
61 http fetch GET 200 https://registry.npmjs.org/lodash.isboolean 615ms (cache miss)
62 silly packumentCache full:https://registry.npmjs.org/lodash.isboolean set size:undefined disposed:false
63 http fetch GET 200 https://registry.npmjs.org/lodash.isinteger 616ms (cache miss)
64 silly packumentCache full:https://registry.npmjs.org/lodash.isinteger set size:undefined disposed:false
65 http fetch GET 200 https://registry.npmjs.org/ms 623ms (cache revalidated)
66 silly packumentCache full:https://registry.npmjs.org/ms set size:92208 disposed:false
67 http fetch GET 200 https://registry.npmjs.org/lodash.isplainobject 640ms (cache miss)
68 silly packumentCache full:https://registry.npmjs.org/lodash.isplainobject set size:undefined disposed:false
69 silly placeDep ROOT jws@3.2.2 OK for: jsonwebtoken@9.0.2 want: ^3.2.2
70 silly placeDep ROOT lodash.includes@4.3.0 OK for: jsonwebtoken@9.0.2 want: ^4.3.0
71 silly placeDep ROOT lodash.isboolean@3.0.3 OK for: jsonwebtoken@9.0.2 want: ^3.0.3
72 silly placeDep ROOT lodash.isinteger@4.0.4 OK for: jsonwebtoken@9.0.2 want: ^4.0.4
73 silly placeDep ROOT lodash.isnumber@3.0.3 OK for: jsonwebtoken@9.0.2 want: ^3.0.3
74 silly placeDep ROOT lodash.isplainobject@4.0.6 OK for: jsonwebtoken@9.0.2 want: ^4.0.6
75 silly placeDep ROOT lodash.isstring@4.0.1 OK for: jsonwebtoken@9.0.2 want: ^4.0.1
76 silly placeDep ROOT lodash.once@4.1.1 OK for: jsonwebtoken@9.0.2 want: ^4.0.0
77 silly placeDep node_modules/jsonwebtoken ms@2.1.3 OK for: jsonwebtoken@9.0.2 want: ^2.1.1
78 silly placeDep ROOT semver@7.7.2 OK for: jsonwebtoken@9.0.2 want: ^7.5.4
79 silly fetch manifest jwa@^1.4.1
80 silly packumentCache full:https://registry.npmjs.org/jwa cache-miss
81 http fetch GET 200 https://registry.npmjs.org/jwa 213ms (cache miss)
82 silly packumentCache full:https://registry.npmjs.org/jwa set size:undefined disposed:false
83 silly placeDep ROOT jwa@1.4.2 OK for: jws@3.2.2 want: ^1.4.1
84 silly fetch manifest ecdsa-sig-formatter@1.0.11
85 silly packumentCache full:https://registry.npmjs.org/ecdsa-sig-formatter cache-miss
86 silly fetch manifest buffer-equal-constant-time@^1.0.1
87 silly packumentCache full:https://registry.npmjs.org/buffer-equal-constant-time cache-miss
88 http fetch GET 200 https://registry.npmjs.org/buffer-equal-constant-time 175ms (cache miss)
89 silly packumentCache full:https://registry.npmjs.org/buffer-equal-constant-time set size:undefined disposed:false
90 http fetch GET 200 https://registry.npmjs.org/ecdsa-sig-formatter 178ms (cache miss)
91 silly packumentCache full:https://registry.npmjs.org/ecdsa-sig-formatter set size:undefined disposed:false
92 silly placeDep ROOT buffer-equal-constant-time@1.0.1 OK for: jwa@1.4.2 want: ^1.0.1
93 silly placeDep ROOT ecdsa-sig-formatter@1.0.11 OK for: jwa@1.4.2 want: 1.0.11
94 silly reify moves {}
95 silly audit bulk request {
95 silly audit   '@mongodb-js/saslprep': [ '1.3.0' ],
95 silly audit   '@types/webidl-conversions': [ '7.0.3' ],
95 silly audit   '@types/whatwg-url': [ '11.0.5' ],
95 silly audit   accepts: [ '1.3.8' ],
95 silly audit   acorn: [ '2.7.0', '1.2.2' ],
95 silly audit   'acorn-globals': [ '1.0.9' ],
95 silly audit   'align-text': [ '0.1.4' ],
95 silly audit   amdefine: [ '1.0.1' ],
95 silly audit   'array-flatten': [ '1.1.1' ],
95 silly audit   asap: [ '1.0.0' ],
95 silly audit   'basic-auth': [ '2.0.1' ],
95 silly audit   'body-parser': [ '1.18.3' ],
95 silly audit   bson: [ '6.10.4' ],
95 silly audit   bytes: [ '3.0.0' ],
95 silly audit   camelcase: [ '1.2.1' ],
95 silly audit   'center-align': [ '0.1.3' ],
95 silly audit   'character-parser': [ '1.2.1' ],
95 silly audit   'clean-css': [ '3.4.28' ],
95 silly audit   commander: [ '2.8.1', '2.6.0' ],
95 silly audit   cliui: [ '2.1.0' ],
95 silly audit   constantinople: [ '3.0.2' ],
95 silly audit   'content-disposition': [ '0.5.2' ],
95 silly audit   'content-type': [ '1.0.5' ],
95 silly audit   cookie: [ '0.7.2', '0.3.1' ],
95 silly audit   'cookie-parser': [ '1.4.7' ],
95 silly audit   'cookie-signature': [ '1.0.6' ],
95 silly audit   css: [ '1.0.8' ],
95 silly audit   'css-parse': [ '1.0.4' ],
95 silly audit   'css-stringify': [ '1.0.5' ],
95 silly audit   debug: [ '2.6.9', '4.4.3' ],
95 silly audit   decamelize: [ '1.2.0' ],
95 silly audit   depd: [ '1.1.2' ],
95 silly audit   destroy: [ '1.0.4' ],
95 silly audit   dotenv: [ '17.2.2' ],
95 silly audit   'ee-first': [ '1.1.1' ],
95 silly audit   encodeurl: [ '1.0.2' ],
95 silly audit   'escape-html': [ '1.0.3' ],
95 silly audit   etag: [ '1.8.1' ],
95 silly audit   finalhandler: [ '1.1.1' ],
95 silly audit   forwarded: [ '0.2.0' ],
95 silly audit   fresh: [ '0.5.2' ],
95 silly audit   'graceful-readlink': [ '1.0.1' ],
95 silly audit   'http-errors': [ '1.6.3' ],
95 silly audit   'iconv-lite': [ '0.4.23' ],
95 silly audit   inherits: [ '2.0.3' ],
95 silly audit   'ipaddr.js': [ '1.9.1' ],
95 silly audit   'is-buffer': [ '1.1.6' ],
95 silly audit   'is-promise': [ '2.2.2', '1.0.1' ],
95 silly audit   jade: [ '1.11.0' ],
95 silly audit   jstransformer: [ '0.0.2' ],
95 silly audit   kareem: [ '2.6.3' ],
95 silly audit   'kind-of': [ '3.2.2' ],
95 silly audit   'lazy-cache': [ '1.0.4' ],
95 silly audit   longest: [ '1.0.1' ],
95 silly audit   'media-typer': [ '0.3.0' ],
95 silly audit   'memory-pager': [ '1.5.0' ],
95 silly audit   'merge-descriptors': [ '1.0.1' ],
95 silly audit   methods: [ '1.1.2' ],
95 silly audit   mime: [ '1.4.1' ],
95 silly audit   'mime-db': [ '1.52.0' ],
95 silly audit   'mime-types': [ '2.1.35' ],
95 silly audit   minimist: [ '1.2.8' ],
95 silly audit   mkdirp: [ '0.5.6' ],
95 silly audit   mongodb: [ '6.18.0' ],
95 silly audit   'mongodb-connection-string-url': [ '3.0.2' ],
95 silly audit   mongoose: [ '8.18.2' ],
95 silly audit   ms: [ '2.1.3', '2.0.0' ],
95 silly audit   morgan: [ '1.9.1' ],
95 silly audit   mpath: [ '0.9.0' ],
95 silly audit   mquery: [ '5.0.0' ],
95 silly audit   negotiator: [ '0.6.3' ],
95 silly audit   'on-finished': [ '2.3.0' ],
95 silly audit   'on-headers': [ '1.0.2' ],
95 silly audit   optimist: [ '0.3.7' ],
95 silly audit   parseurl: [ '1.3.3' ],
95 silly audit   'path-to-regexp': [ '0.1.7' ],
95 silly audit   promise: [ '6.1.0', '2.0.0' ],
95 silly audit   'proxy-addr': [ '2.0.7' ],
95 silly audit   punycode: [ '2.3.1' ],
95 silly audit   qs: [ '6.5.2' ],
95 silly audit   'range-parser': [ '1.2.1' ],
95 silly audit   'raw-body': [ '2.3.3' ],
95 silly audit   'repeat-string': [ '1.6.1' ],
95 silly audit   'right-align': [ '0.1.3' ],
95 silly audit   'safe-buffer': [ '5.1.2' ],
95 silly audit   'safer-buffer': [ '2.1.2' ],
95 silly audit   send: [ '0.16.2' ],
95 silly audit   'serve-static': [ '1.13.2' ],
95 silly audit   setprototypeof: [ '1.1.0' ],
95 silly audit   sift: [ '17.1.3' ],
95 silly audit   'source-map': [ '0.4.4', '0.1.43', '0.5.7' ],
95 silly audit   'sparse-bitfield': [ '3.0.3' ],
95 silly audit   statuses: [ '1.4.0' ],
95 silly audit   tr46: [ '5.1.1' ],
95 silly audit   transformers: [ '2.1.0' ],
95 silly audit   'uglify-js': [ '2.2.5', '2.8.29' ],
95 silly audit   'type-is': [ '1.6.18' ],
95 silly audit   'uglify-to-browserify': [ '1.0.2' ],
95 silly audit   unpipe: [ '1.0.0' ],
95 silly audit   'utils-merge': [ '1.0.1' ],
95 silly audit   vary: [ '1.1.2' ],
95 silly audit   'void-elements': [ '2.0.1' ],
95 silly audit   'webidl-conversions': [ '7.0.0' ],
95 silly audit   'whatwg-url': [ '14.2.0' ],
95 silly audit   'window-size': [ '0.1.0' ],
95 silly audit   with: [ '4.0.3' ],
95 silly audit   wordwrap: [ '0.0.2' ],
95 silly audit   yargs: [ '3.10.0' ],
95 silly audit   bcryptjs: [ '3.0.2' ],
95 silly audit   express: [ '4.16.4' ],
95 silly audit   jsonwebtoken: [ '9.0.2' ],
95 silly audit   jws: [ '3.2.2' ],
95 silly audit   'lodash.includes': [ '4.3.0' ],
95 silly audit   'lodash.isboolean': [ '3.0.3' ],
95 silly audit   'lodash.isinteger': [ '4.0.4' ],
95 silly audit   'lodash.isnumber': [ '3.0.3' ],
95 silly audit   'lodash.isplainobject': [ '4.0.6' ],
95 silly audit   'lodash.isstring': [ '4.0.1' ],
95 silly audit   'lodash.once': [ '4.1.1' ],
95 silly audit   semver: [ '7.7.2' ],
95 silly audit   jwa: [ '1.4.2' ],
95 silly audit   'buffer-equal-constant-time': [ '1.0.1' ],
95 silly audit   'ecdsa-sig-formatter': [ '1.0.11' ]
95 silly audit }
96 silly tarball no local data for buffer-equal-constant-time@https://registry.npmjs.org/buffer-equal-constant-time/-/buffer-equal-constant-time-1.0.1.tgz. Extracting by manifest.
97 silly tarball no local data for jwa@https://registry.npmjs.org/jwa/-/jwa-1.4.2.tgz. Extracting by manifest.
98 silly tarball no local data for ecdsa-sig-formatter@https://registry.npmjs.org/ecdsa-sig-formatter/-/ecdsa-sig-formatter-1.0.11.tgz. Extracting by manifest.
99 silly tarball no local data for lodash.isplainobject@https://registry.npmjs.org/lodash.isplainobject/-/lodash.isplainobject-4.0.6.tgz. Extracting by manifest.
100 silly tarball no local data for lodash.isstring@https://registry.npmjs.org/lodash.isstring/-/lodash.isstring-4.0.1.tgz. Extracting by manifest.
101 silly tarball no local data for lodash.isinteger@https://registry.npmjs.org/lodash.isinteger/-/lodash.isinteger-4.0.4.tgz. Extracting by manifest.
102 silly tarball no local data for lodash.once@https://registry.npmjs.org/lodash.once/-/lodash.once-4.1.1.tgz. Extracting by manifest.
103 silly tarball no local data for lodash.isboolean@https://registry.npmjs.org/lodash.isboolean/-/lodash.isboolean-3.0.3.tgz. Extracting by manifest.
104 silly tarball no local data for semver@https://registry.npmjs.org/semver/-/semver-7.7.2.tgz. Extracting by manifest.
105 silly tarball no local data for lodash.isnumber@https://registry.npmjs.org/lodash.isnumber/-/lodash.isnumber-3.0.3.tgz. Extracting by manifest.
106 silly tarball no local data for lodash.includes@https://registry.npmjs.org/lodash.includes/-/lodash.includes-4.3.0.tgz. Extracting by manifest.
107 silly tarball no local data for jsonwebtoken@https://registry.npmjs.org/jsonwebtoken/-/jsonwebtoken-9.0.2.tgz. Extracting by manifest.
108 silly tarball no local data for jws@https://registry.npmjs.org/jws/-/jws-3.2.2.tgz. Extracting by manifest.
109 silly tarball no local data for bcryptjs@https://registry.npmjs.org/bcryptjs/-/bcryptjs-3.0.2.tgz. Extracting by manifest.
110 http fetch GET 200 https://registry.npmjs.org/lodash.isboolean/-/lodash.isboolean-3.0.3.tgz 360ms (cache miss)
111 http fetch GET 200 https://registry.npmjs.org/lodash.isinteger/-/lodash.isinteger-4.0.4.tgz 381ms (cache miss)
112 http fetch GET 200 https://registry.npmjs.org/lodash.once/-/lodash.once-4.1.1.tgz 382ms (cache miss)
113 http fetch GET 200 https://registry.npmjs.org/jwa/-/jwa-1.4.2.tgz 388ms (cache miss)
114 http fetch GET 200 https://registry.npmjs.org/lodash.isplainobject/-/lodash.isplainobject-4.0.6.tgz 392ms (cache miss)
115 http fetch GET 200 https://registry.npmjs.org/lodash.isstring/-/lodash.isstring-4.0.1.tgz 392ms (cache miss)
116 http fetch GET 200 https://registry.npmjs.org/buffer-equal-constant-time/-/buffer-equal-constant-time-1.0.1.tgz 399ms (cache miss)
117 http fetch GET 200 https://registry.npmjs.org/ecdsa-sig-formatter/-/ecdsa-sig-formatter-1.0.11.tgz 399ms (cache miss)
118 http fetch GET 200 https://registry.npmjs.org/semver/-/semver-7.7.2.tgz 525ms (cache miss)
119 http fetch GET 200 https://registry.npmjs.org/lodash.includes/-/lodash.includes-4.3.0.tgz 589ms (cache miss)
120 http fetch GET 200 https://registry.npmjs.org/lodash.isnumber/-/lodash.isnumber-3.0.3.tgz 603ms (cache miss)
121 http fetch POST 200 https://registry.npmjs.org/-/npm/v1/security/advisories/bulk 667ms
122 silly audit report {
122 silly audit report   'body-parser': [
122 silly audit report     {
122 silly audit report       id: 1099520,
122 silly audit report       url: 'https://github.com/advisories/GHSA-qwcr-r2fm-qrc7',
122 silly audit report       title: 'body-parser vulnerable to denial of service when url encoding is enabled',
122 silly audit report       severity: 'high',
122 silly audit report       vulnerable_versions: '<1.20.3',
122 silly audit report       cwe: [Array],
122 silly audit report       cvss: [Object]
122 silly audit report     }
122 silly audit report   ],
122 silly audit report   'clean-css': [
122 silly audit report     {
122 silly audit report       id: 1091669,
122 silly audit report       url: 'https://github.com/advisories/GHSA-wxhq-pm8v-cw75',
122 silly audit report       title: 'Regular Expression Denial of Service in clean-css',
122 silly audit report       severity: 'low',
122 silly audit report       vulnerable_versions: '<4.1.11',
122 silly audit report       cwe: [Array],
122 silly audit report       cvss: [Object]
122 silly audit report     }
122 silly audit report   ],
122 silly audit report   constantinople: [
122 silly audit report     {
122 silly audit report       id: 1090850,
122 silly audit report       url: 'https://github.com/advisories/GHSA-4vmm-mhcq-4x9j',
122 silly audit report       title: 'Sandbox Bypass Leading to Arbitrary Code Execution in constantinople',
122 silly audit report       severity: 'critical',
122 silly audit report       vulnerable_versions: '<3.1.1',
122 silly audit report       cwe: [],
122 silly audit report       cvss: [Object]
122 silly audit report     }
122 silly audit report   ],
122 silly audit report   cookie: [
122 silly audit report     {
122 silly audit report       id: 1103907,
122 silly audit report       url: 'https://github.com/advisories/GHSA-pxg6-pf52-xh8x',
122 silly audit report       title: 'cookie accepts cookie name, path, and domain with out of bounds characters',
122 silly audit report       severity: 'low',
122 silly audit report       vulnerable_versions: '<0.7.0',
122 silly audit report       cwe: [Array],
122 silly audit report       cvss: [Object]
122 silly audit report     }
122 silly audit report   ],
122 silly audit report   'on-headers': [
122 silly audit report     {
122 silly audit report       id: 1106812,
122 silly audit report       url: 'https://github.com/advisories/GHSA-76c9-3jph-rj3q',
122 silly audit report       title: 'on-headers is vulnerable to http response header manipulation',
122 silly audit report       severity: 'low',
122 silly audit report       vulnerable_versions: '<1.1.0',
122 silly audit report       cwe: [Array],
122 silly audit report       cvss: [Object]
122 silly audit report     }
122 silly audit report   ],
122 silly audit report   'path-to-regexp': [
122 silly audit report     {
122 silly audit report       id: 1101850,
122 silly audit report       url: 'https://github.com/advisories/GHSA-9wv6-86v2-598j',
122 silly audit report       title: 'path-to-regexp outputs backtracking regular expressions',
122 silly audit report       severity: 'high',
122 silly audit report       vulnerable_versions: '<0.1.10',
122 silly audit report       cwe: [Array],
122 silly audit report       cvss: [Object]
122 silly audit report     },
122 silly audit report     {
122 silly audit report       id: 1105199,
122 silly audit report       url: 'https://github.com/advisories/GHSA-rhx6-c78j-4q9w',
122 silly audit report       title: 'path-to-regexp contains a ReDoS',
122 silly audit report       severity: 'high',
122 silly audit report       vulnerable_versions: '<0.1.12',
122 silly audit report       cwe: [Array],
122 silly audit report       cvss: [Object]
122 silly audit report     }
122 silly audit report   ],
122 silly audit report   qs: [
122 silly audit report     {
122 silly audit report       id: 1104118,
122 silly audit report       url: 'https://github.com/advisories/GHSA-hrpp-h998-j3pp',
122 silly audit report       title: 'qs vulnerable to Prototype Pollution',
122 silly audit report       severity: 'high',
122 silly audit report       vulnerable_versions: '>=6.5.0 <6.5.3',
122 silly audit report       cwe: [Array],
122 silly audit report       cvss: [Object]
122 silly audit report     }
122 silly audit report   ],
122 silly audit report   send: [
122 silly audit report     {
122 silly audit report       id: 1100526,
122 silly audit report       url: 'https://github.com/advisories/GHSA-m6fv-jmcg-4jfg',
122 silly audit report       title: 'send vulnerable to template injection that can lead to XSS',
122 silly audit report       severity: 'low',
122 silly audit report       vulnerable_versions: '<0.19.0',
122 silly audit report       cwe: [Array],
122 silly audit report       cvss: [Object]
122 silly audit report     }
122 silly audit report   ],
122 silly audit report   'serve-static': [
122 silly audit report     {
122 silly audit report       id: 1100528,
122 silly audit report       url: 'https://github.com/advisories/GHSA-cm22-4g7w-348p',
122 silly audit report       title: 'serve-static vulnerable to template injection that can lead to XSS',
122 silly audit report       severity: 'low',
122 silly audit report       vulnerable_versions: '<1.16.0',
122 silly audit report       cwe: [Array],
122 silly audit report       cvss: [Object]
122 silly audit report     }
122 silly audit report   ],
122 silly audit report   'uglify-js': [
122 silly audit report     {
122 silly audit report       id: 1091686,
122 silly audit report       url: 'https://github.com/advisories/GHSA-c9f4-xj24-8jqx',
122 silly audit report       title: 'Regular Expression Denial of Service in uglify-js',
122 silly audit report       severity: 'high',
122 silly audit report       vulnerable_versions: '<2.6.0',
122 silly audit report       cwe: [Array],
122 silly audit report       cvss: [Object]
122 silly audit report     },
122 silly audit report     {
122 silly audit report       id: 1091710,
122 silly audit report       url: 'https://github.com/advisories/GHSA-34r7-q49f-h37c',
122 silly audit report       title: 'Incorrect Handling of Non-Boolean Comparisons During Minification in uglify-js',
122 silly audit report       severity: 'critical',
122 silly audit report       vulnerable_versions: '<2.4.24',
122 silly audit report       cwe: [Array],
122 silly audit report       cvss: [Object]
122 silly audit report     }
122 silly audit report   ],
122 silly audit report   express: [
122 silly audit report     {
122 silly audit report       id: 1100530,
122 silly audit report       url: 'https://github.com/advisories/GHSA-qw6h-vgh9-j6wx',
122 silly audit report       title: 'express vulnerable to XSS via response.redirect()',
122 silly audit report       severity: 'low',
122 silly audit report       vulnerable_versions: '<4.20.0',
122 silly audit report       cwe: [Array],
122 silly audit report       cvss: [Object]
122 silly audit report     },
122 silly audit report     {
122 silly audit report       id: 1096820,
122 silly audit report       url: 'https://github.com/advisories/GHSA-rv95-896h-c2vc',
122 silly audit report       title: 'Express.js Open Redirect in malformed URLs',
122 silly audit report       severity: 'moderate',
122 silly audit report       vulnerable_versions: '<4.19.2',
122 silly audit report       cwe: [Array],
122 silly audit report       cvss: [Object]
122 silly audit report     }
122 silly audit report   ]
122 silly audit report }
123 silly packumentCache corgi:https://registry.npmjs.org/body-parser cache-miss
124 silly packumentCache corgi:https://registry.npmjs.org/clean-css cache-miss
125 silly packumentCache corgi:https://registry.npmjs.org/constantinople cache-miss
126 silly packumentCache corgi:https://registry.npmjs.org/cookie cache-miss
127 silly packumentCache corgi:https://registry.npmjs.org/on-headers cache-miss
128 silly packumentCache corgi:https://registry.npmjs.org/path-to-regexp cache-miss
129 silly packumentCache corgi:https://registry.npmjs.org/qs cache-miss
130 silly packumentCache corgi:https://registry.npmjs.org/send cache-miss
131 silly packumentCache corgi:https://registry.npmjs.org/serve-static cache-miss
132 silly packumentCache corgi:https://registry.npmjs.org/uglify-js cache-miss
133 silly packumentCache corgi:https://registry.npmjs.org/express cache-miss
134 http fetch GET 200 https://registry.npmjs.org/jws/-/jws-3.2.2.tgz 829ms (cache miss)
135 http fetch GET 200 https://registry.npmjs.org/body-parser 293ms (cache revalidated)
136 silly packumentCache corgi:https://registry.npmjs.org/body-parser set size:74404 disposed:false
137 http fetch GET 200 https://registry.npmjs.org/path-to-regexp 284ms (cache revalidated)
138 silly packumentCache corgi:https://registry.npmjs.org/path-to-regexp set size:63416 disposed:false
139 http fetch GET 200 https://registry.npmjs.org/serve-static 294ms (cache revalidated)
140 silly packumentCache corgi:https://registry.npmjs.org/serve-static set size:56254 disposed:false
141 http fetch GET 200 https://registry.npmjs.org/cookie 363ms (cache revalidated)
142 silly packumentCache corgi:https://registry.npmjs.org/cookie set size:22175 disposed:false
143 http fetch GET 200 https://registry.npmjs.org/constantinople 369ms (cache revalidated)
144 silly packumentCache corgi:https://registry.npmjs.org/constantinople set size:10310 disposed:false
145 http fetch GET 200 https://registry.npmjs.org/express 361ms (cache revalidated)
146 silly packumentCache corgi:https://registry.npmjs.org/express set size:331341 disposed:false
147 http fetch GET 200 https://registry.npmjs.org/clean-css 406ms (cache revalidated)
148 silly packumentCache corgi:https://registry.npmjs.org/clean-css set size:160656 disposed:false
149 http fetch GET 200 https://registry.npmjs.org/send 396ms (cache revalidated)
150 silly packumentCache corgi:https://registry.npmjs.org/send set size:60926 disposed:false
151 http fetch GET 200 https://registry.npmjs.org/on-headers 410ms (cache revalidated)
152 silly packumentCache corgi:https://registry.npmjs.org/on-headers set size:4386 disposed:false
153 http fetch GET 200 https://registry.npmjs.org/qs 409ms (cache revalidated)
154 silly packumentCache corgi:https://registry.npmjs.org/qs set size:109860 disposed:false
155 http fetch GET 200 https://registry.npmjs.org/uglify-js 406ms (cache revalidated)
156 silly packumentCache corgi:https://registry.npmjs.org/uglify-js set size:295129 disposed:false
157 silly packumentCache corgi:https://registry.npmjs.org/jade cache-miss
158 http fetch GET 200 https://registry.npmjs.org/bcryptjs/-/bcryptjs-3.0.2.tgz 1116ms (cache miss)
159 http fetch GET 200 https://registry.npmjs.org/jsonwebtoken/-/jsonwebtoken-9.0.2.tgz 1126ms (cache miss)
160 http fetch GET 200 https://registry.npmjs.org/jade 251ms (cache revalidated)
161 silly packumentCache corgi:https://registry.npmjs.org/jade set size:107371 disposed:false
162 silly packumentCache corgi:https://registry.npmjs.org/morgan cache-miss
163 http fetch GET 200 https://registry.npmjs.org/morgan 176ms (cache revalidated)
164 silly packumentCache corgi:https://registry.npmjs.org/morgan set size:21617 disposed:false
165 silly packumentCache corgi:https://registry.npmjs.org/transformers cache-miss
166 http fetch GET 200 https://registry.npmjs.org/transformers 225ms (cache revalidated)
167 silly packumentCache corgi:https://registry.npmjs.org/transformers set size:22960 disposed:false
168 silly ADD node_modules/ecdsa-sig-formatter
169 silly ADD node_modules/buffer-equal-constant-time
170 silly ADD node_modules/jwa
171 silly ADD node_modules/semver
172 silly ADD node_modules/lodash.once
173 silly ADD node_modules/lodash.isstring
174 silly ADD node_modules/lodash.isplainobject
175 silly ADD node_modules/lodash.isnumber
176 silly ADD node_modules/lodash.isinteger
177 silly ADD node_modules/lodash.isboolean
178 silly ADD node_modules/lodash.includes
179 silly ADD node_modules/jws
180 silly ADD node_modules/jsonwebtoken
181 silly ADD node_modules/jsonwebtoken/node_modules/ms
182 silly ADD node_modules/bcryptjs
183 verbose cwd D:\Documents\Github\RiseAcademy Backend\AnonAlert
184 verbose os Windows_NT 10.0.22000
185 verbose node v20.17.0
186 verbose npm  v10.8.2
187 verbose exit 0
188 info ok
