0 verbose cli C:\Program Files\nodejs\node.exe C:\Program Files\nodejs\node_modules\npm\bin\npm-cli.js
1 info using npm@10.8.2
2 info using node@v20.17.0
3 silly config load:file:C:\Program Files\nodejs\node_modules\npm\npmrc
4 silly config load:file:D:\Documents\Github\RiseAcademy Backend\AnonAlert\.npmrc
5 silly config load:file:C:\Users\hussa\.npmrc
6 silly config load:file:C:\Users\hussa\AppData\Roaming\npm\etc\npmrc
7 verbose title npm install mongoose
8 verbose argv "install" "mongoose"
9 verbose logfile logs-max:10 dir:D:\Documents\Github\RiseAcademy Backend\AnonAlert\npm-cache\_logs\2025-09-26T12_45_06_203Z-
10 verbose logfile D:\Documents\Github\RiseAcademy Backend\AnonAlert\npm-cache\_logs\2025-09-26T12_45_06_203Z-debug-0.log
11 silly packumentCache heap:2197815296 maxSize:549453824 maxEntrySize:274726912
12 silly logfile done cleaning log files
13 silly idealTree buildDeps
14 silly fetch manifest cookie-parser@~1.4.4
15 silly packumentCache full:https://registry.npmjs.org/cookie-parser cache-miss
16 http fetch GET 200 https://registry.npmjs.org/cookie-parser 688ms (cache miss)
17 silly packumentCache full:https://registry.npmjs.org/cookie-parser set size:undefined disposed:false
18 silly fetch manifest debug@~2.6.9
19 silly packumentCache full:https://registry.npmjs.org/debug cache-miss
20 http fetch GET 200 https://registry.npmjs.org/debug 193ms (cache miss)
21 silly packumentCache full:https://registry.npmjs.org/debug set size:undefined disposed:false
22 silly fetch manifest express@~4.16.1
23 silly packumentCache full:https://registry.npmjs.org/express cache-miss
24 http fetch GET 200 https://registry.npmjs.org/npm 1002ms
25 http fetch GET 200 https://registry.npmjs.org/express 194ms (cache miss)
26 silly packumentCache full:https://registry.npmjs.org/express set size:undefined disposed:false
27 silly fetch manifest http-errors@~1.6.3
28 silly packumentCache full:https://registry.npmjs.org/http-errors cache-miss
29 http fetch GET 200 https://registry.npmjs.org/http-errors 162ms (cache miss)
30 silly packumentCache full:https://registry.npmjs.org/http-errors set size:undefined disposed:false
31 silly fetch manifest jade@~1.11.0
32 silly packumentCache full:https://registry.npmjs.org/jade cache-miss
33 http fetch GET 200 https://registry.npmjs.org/jade 166ms (cache miss)
34 silly packumentCache full:https://registry.npmjs.org/jade set size:undefined disposed:false
35 silly fetch manifest morgan@~1.9.1
36 silly packumentCache full:https://registry.npmjs.org/morgan cache-miss
37 http fetch GET 200 https://registry.npmjs.org/morgan 172ms (cache miss)
38 silly packumentCache full:https://registry.npmjs.org/morgan set size:undefined disposed:false
39 silly fetch manifest mongoose@*
40 silly packumentCache full:https://registry.npmjs.org/mongoose cache-miss
41 http fetch GET 200 https://registry.npmjs.org/mongoose 369ms (cache miss)
42 silly packumentCache full:https://registry.npmjs.org/mongoose set size:undefined disposed:false
43 silly placeDep ROOT cookie-parser@1.4.7 OK for: anonalert@0.0.0 want: ~1.4.4
44 silly placeDep ROOT debug@2.6.9 OK for: anonalert@0.0.0 want: ~2.6.9
45 silly placeDep ROOT express@4.16.4 OK for: anonalert@0.0.0 want: ~4.16.1
46 silly placeDep ROOT http-errors@1.6.3 OK for: anonalert@0.0.0 want: ~1.6.3
47 silly placeDep ROOT jade@1.11.0 OK for: anonalert@0.0.0 want: ~1.11.0
48 silly placeDep ROOT mongoose@8.18.2 OK for: anonalert@0.0.0 want: *
49 silly placeDep ROOT morgan@1.9.1 OK for: anonalert@0.0.0 want: ~1.9.1
50 silly fetch manifest cookie@0.7.2
51 silly packumentCache full:https://registry.npmjs.org/cookie cache-miss
52 silly fetch manifest cookie-signature@1.0.6
53 silly packumentCache full:https://registry.npmjs.org/cookie-signature cache-miss
54 silly fetch manifest ms@2.0.0
55 silly packumentCache full:https://registry.npmjs.org/ms cache-miss
56 silly fetch manifest qs@6.5.2
57 silly packumentCache full:https://registry.npmjs.org/qs cache-miss
58 silly fetch manifest depd@~1.1.2
59 silly packumentCache full:https://registry.npmjs.org/depd cache-miss
60 silly fetch manifest etag@~1.8.1
61 silly packumentCache full:https://registry.npmjs.org/etag cache-miss
62 silly fetch manifest send@0.16.2
63 silly packumentCache full:https://registry.npmjs.org/send cache-miss
64 silly fetch manifest vary@~1.1.2
65 silly packumentCache full:https://registry.npmjs.org/vary cache-miss
66 silly fetch manifest fresh@0.5.2
67 silly packumentCache full:https://registry.npmjs.org/fresh cache-miss
68 silly fetch manifest cookie@0.3.1
69 silly packumentCache full:https://registry.npmjs.org/cookie cache-miss
70 silly fetch manifest accepts@~1.3.5
71 silly packumentCache full:https://registry.npmjs.org/accepts cache-miss
72 http fetch GET 200 https://registry.npmjs.org/cookie-signature 168ms (cache miss)
73 silly packumentCache full:https://registry.npmjs.org/cookie-signature set size:undefined disposed:false
74 silly fetch manifest methods@~1.1.2
75 silly packumentCache full:https://registry.npmjs.org/methods cache-miss
76 http fetch GET 200 https://registry.npmjs.org/cookie 184ms (cache miss)
77 silly packumentCache full:https://registry.npmjs.org/cookie set size:undefined disposed:false
78 silly fetch manifest type-is@~1.6.16
79 silly packumentCache full:https://registry.npmjs.org/type-is cache-miss
80 http fetch GET 200 https://registry.npmjs.org/type-is 165ms (cache miss)
81 silly packumentCache full:https://registry.npmjs.org/type-is set size:undefined disposed:false
82 silly fetch manifest parseurl@~1.3.2
83 silly packumentCache full:https://registry.npmjs.org/parseurl cache-miss
84 http fetch GET 200 https://registry.npmjs.org/methods 192ms (cache miss)
85 silly packumentCache full:https://registry.npmjs.org/methods set size:undefined disposed:false
86 silly fetch manifest statuses@~1.4.0
87 silly packumentCache full:https://registry.npmjs.org/statuses cache-miss
88 http fetch GET 200 https://registry.npmjs.org/statuses 159ms (cache miss)
89 silly packumentCache full:https://registry.npmjs.org/statuses set size:undefined disposed:false
90 silly fetch manifest encodeurl@~1.0.2
91 silly packumentCache full:https://registry.npmjs.org/encodeurl cache-miss
92 http fetch GET 200 https://registry.npmjs.org/parseurl 174ms (cache miss)
93 silly packumentCache full:https://registry.npmjs.org/parseurl set size:undefined disposed:false
94 silly fetch manifest proxy-addr@~2.0.4
95 silly packumentCache full:https://registry.npmjs.org/proxy-addr cache-miss
96 http fetch GET 200 https://registry.npmjs.org/depd 570ms (cache miss)
97 silly packumentCache full:https://registry.npmjs.org/depd set size:undefined disposed:false
98 silly fetch manifest body-parser@1.18.3
99 silly packumentCache full:https://registry.npmjs.org/body-parser cache-miss
100 http fetch GET 200 https://registry.npmjs.org/etag 576ms (cache miss)
101 silly packumentCache full:https://registry.npmjs.org/etag set size:undefined disposed:false
102 silly fetch manifest escape-html@~1.0.3
103 silly packumentCache full:https://registry.npmjs.org/escape-html cache-miss
104 http fetch GET 200 https://registry.npmjs.org/ms 582ms (cache miss)
105 silly packumentCache full:https://registry.npmjs.org/ms set size:undefined disposed:false
106 silly fetch manifest on-finished@~2.3.0
107 silly packumentCache full:https://registry.npmjs.org/on-finished cache-miss
108 http fetch GET 200 https://registry.npmjs.org/cookie 592ms (cache miss)
109 silly packumentCache full:https://registry.npmjs.org/cookie set size:undefined disposed:false
110 silly fetch manifest safe-buffer@5.1.2
111 silly packumentCache full:https://registry.npmjs.org/safe-buffer cache-miss
112 http fetch GET 200 https://registry.npmjs.org/send 601ms (cache miss)
113 silly packumentCache full:https://registry.npmjs.org/send set size:undefined disposed:false
114 silly fetch manifest utils-merge@1.0.1
115 silly packumentCache full:https://registry.npmjs.org/utils-merge cache-miss
116 http fetch GET 200 https://registry.npmjs.org/vary 614ms (cache miss)
117 silly packumentCache full:https://registry.npmjs.org/vary set size:undefined disposed:false
118 silly fetch manifest content-type@~1.0.4
119 silly packumentCache full:https://registry.npmjs.org/content-type cache-miss
120 http fetch GET 200 https://registry.npmjs.org/fresh 623ms (cache miss)
121 silly packumentCache full:https://registry.npmjs.org/fresh set size:undefined disposed:false
122 silly fetch manifest finalhandler@1.1.1
123 silly packumentCache full:https://registry.npmjs.org/finalhandler cache-miss
124 http fetch GET 200 https://registry.npmjs.org/qs 637ms (cache miss)
125 silly packumentCache full:https://registry.npmjs.org/qs set size:undefined disposed:false
126 silly fetch manifest range-parser@~1.2.0
127 silly packumentCache full:https://registry.npmjs.org/range-parser cache-miss
128 http fetch GET 200 https://registry.npmjs.org/accepts 660ms (cache miss)
129 silly packumentCache full:https://registry.npmjs.org/accepts set size:undefined disposed:false
130 silly fetch manifest serve-static@1.13.2
131 silly packumentCache full:https://registry.npmjs.org/serve-static cache-miss
132 http fetch GET 200 https://registry.npmjs.org/proxy-addr 171ms (cache miss)
133 silly packumentCache full:https://registry.npmjs.org/proxy-addr set size:undefined disposed:false
134 silly fetch manifest array-flatten@1.1.1
135 silly packumentCache full:https://registry.npmjs.org/array-flatten cache-miss
136 http fetch GET 200 https://registry.npmjs.org/encodeurl 209ms (cache miss)
137 silly packumentCache full:https://registry.npmjs.org/encodeurl set size:undefined disposed:false
138 silly fetch manifest path-to-regexp@0.1.7
139 silly packumentCache full:https://registry.npmjs.org/path-to-regexp cache-miss
140 http fetch GET 200 https://registry.npmjs.org/escape-html 174ms (cache miss)
141 silly packumentCache full:https://registry.npmjs.org/escape-html set size:undefined disposed:false
142 silly fetch manifest setprototypeof@1.1.0
143 silly packumentCache full:https://registry.npmjs.org/setprototypeof cache-miss
144 http fetch GET 200 https://registry.npmjs.org/safe-buffer 187ms (cache miss)
145 silly packumentCache full:https://registry.npmjs.org/safe-buffer set size:undefined disposed:false
146 silly fetch manifest merge-descriptors@1.0.1
147 silly packumentCache full:https://registry.npmjs.org/merge-descriptors cache-miss
148 http fetch GET 200 https://registry.npmjs.org/utils-merge 183ms (cache miss)
149 silly packumentCache full:https://registry.npmjs.org/utils-merge set size:undefined disposed:false
150 silly fetch manifest content-disposition@0.5.2
151 silly packumentCache full:https://registry.npmjs.org/content-disposition cache-miss
152 http fetch GET 200 https://registry.npmjs.org/content-type 211ms (cache miss)
153 silly packumentCache full:https://registry.npmjs.org/content-type set size:undefined disposed:false
154 silly fetch manifest inherits@2.0.3
155 silly packumentCache full:https://registry.npmjs.org/inherits cache-miss
156 http fetch GET 200 https://registry.npmjs.org/finalhandler 209ms (cache miss)
157 silly packumentCache full:https://registry.npmjs.org/finalhandler set size:undefined disposed:false
158 silly fetch manifest statuses@>= 1.4.0 < 2
159 silly packumentCache full:https://registry.npmjs.org/statuses cache-miss
160 http fetch GET 200 https://registry.npmjs.org/range-parser 198ms (cache miss)
161 silly packumentCache full:https://registry.npmjs.org/range-parser set size:undefined disposed:false
162 silly fetch manifest setprototypeof@1.1.0
163 silly packumentCache full:https://registry.npmjs.org/setprototypeof cache-miss
164 http fetch GET 200 https://registry.npmjs.org/serve-static 187ms (cache miss)
165 silly packumentCache full:https://registry.npmjs.org/serve-static set size:undefined disposed:false
166 silly fetch manifest character-parser@1.2.1
167 silly packumentCache full:https://registry.npmjs.org/character-parser cache-miss
168 http fetch GET 200 https://registry.npmjs.org/statuses 25ms (cache hit)
169 silly packumentCache full:https://registry.npmjs.org/statuses set size:37117 disposed:false
170 silly fetch manifest clean-css@^3.1.9
171 silly packumentCache full:https://registry.npmjs.org/clean-css cache-miss
172 http fetch GET 200 https://registry.npmjs.org/path-to-regexp 191ms (cache miss)
173 silly packumentCache full:https://registry.npmjs.org/path-to-regexp set size:undefined disposed:false
174 silly fetch manifest commander@~2.6.0
175 silly packumentCache full:https://registry.npmjs.org/commander cache-miss
176 http fetch GET 200 https://registry.npmjs.org/setprototypeof 178ms (cache miss)
177 silly packumentCache full:https://registry.npmjs.org/setprototypeof set size:undefined disposed:false
178 silly fetch manifest constantinople@~3.0.1
179 silly packumentCache full:https://registry.npmjs.org/constantinople cache-miss
180 http fetch GET 200 https://registry.npmjs.org/content-disposition 163ms (cache miss)
181 silly packumentCache full:https://registry.npmjs.org/content-disposition set size:undefined disposed:false
182 silly fetch manifest jstransformer@0.0.2
183 silly packumentCache full:https://registry.npmjs.org/jstransformer cache-miss
184 http fetch GET 200 https://registry.npmjs.org/merge-descriptors 179ms (cache miss)
185 silly packumentCache full:https://registry.npmjs.org/merge-descriptors set size:undefined disposed:false
186 silly fetch manifest mkdirp@~0.5.0
187 silly packumentCache full:https://registry.npmjs.org/mkdirp cache-miss
188 http fetch GET 200 https://registry.npmjs.org/inherits 149ms (cache miss)
189 silly packumentCache full:https://registry.npmjs.org/inherits set size:undefined disposed:false
190 silly fetch manifest transformers@2.1.0
191 silly packumentCache full:https://registry.npmjs.org/transformers cache-miss
192 http fetch GET 200 https://registry.npmjs.org/array-flatten 318ms (cache miss)
193 silly packumentCache full:https://registry.npmjs.org/array-flatten set size:undefined disposed:false
194 silly fetch manifest uglify-js@^2.4.19
195 silly packumentCache full:https://registry.npmjs.org/uglify-js cache-miss
196 http fetch GET 200 https://registry.npmjs.org/setprototypeof 211ms (cache miss)
197 silly packumentCache full:https://registry.npmjs.org/setprototypeof set size:undefined disposed:false
198 silly fetch manifest void-elements@~2.0.1
199 silly packumentCache full:https://registry.npmjs.org/void-elements cache-miss
200 http fetch GET 200 https://registry.npmjs.org/character-parser 208ms (cache miss)
201 silly packumentCache full:https://registry.npmjs.org/character-parser set size:undefined disposed:false
202 silly fetch manifest with@~4.0.0
203 silly packumentCache full:https://registry.npmjs.org/with cache-miss
204 http fetch GET 200 https://registry.npmjs.org/clean-css 215ms (cache miss)
205 silly packumentCache full:https://registry.npmjs.org/clean-css set size:undefined disposed:false
206 silly fetch manifest bson@^6.10.4
207 silly packumentCache full:https://registry.npmjs.org/bson cache-miss
208 http fetch GET 200 https://registry.npmjs.org/constantinople 202ms (cache miss)
209 silly packumentCache full:https://registry.npmjs.org/constantinople set size:undefined disposed:false
210 silly fetch manifest kareem@2.6.3
211 silly packumentCache full:https://registry.npmjs.org/kareem cache-miss
212 http fetch GET 200 https://registry.npmjs.org/jstransformer 203ms (cache miss)
213 silly packumentCache full:https://registry.npmjs.org/jstransformer set size:undefined disposed:false
214 silly fetch manifest mongodb@~6.18.0
215 silly packumentCache full:https://registry.npmjs.org/mongodb cache-miss
216 http fetch GET 200 https://registry.npmjs.org/body-parser 596ms (cache miss)
217 silly packumentCache full:https://registry.npmjs.org/body-parser set size:undefined disposed:false
218 silly fetch manifest mpath@0.9.0
219 silly packumentCache full:https://registry.npmjs.org/mpath cache-miss
220 http fetch GET 200 https://registry.npmjs.org/mkdirp 216ms (cache miss)
221 silly packumentCache full:https://registry.npmjs.org/mkdirp set size:undefined disposed:false
222 silly fetch manifest mquery@5.0.0
223 silly packumentCache full:https://registry.npmjs.org/mquery cache-miss
224 http fetch GET 200 https://registry.npmjs.org/commander 266ms (cache miss)
225 silly packumentCache full:https://registry.npmjs.org/commander set size:undefined disposed:false
226 silly fetch manifest ms@2.1.3
227 silly packumentCache full:https://registry.npmjs.org/ms cache-miss
228 http fetch GET 200 https://registry.npmjs.org/transformers 245ms (cache miss)
229 silly packumentCache full:https://registry.npmjs.org/transformers set size:undefined disposed:false
230 silly fetch manifest sift@17.1.3
231 silly packumentCache full:https://registry.npmjs.org/sift cache-miss
232 http fetch GET 200 https://registry.npmjs.org/ms 47ms (cache hit)
233 silly packumentCache full:https://registry.npmjs.org/ms set size:92208 disposed:false
234 silly fetch manifest basic-auth@~2.0.0
235 silly packumentCache full:https://registry.npmjs.org/basic-auth cache-miss
236 http fetch GET 200 https://registry.npmjs.org/on-finished 687ms (cache miss)
237 silly packumentCache full:https://registry.npmjs.org/on-finished set size:undefined disposed:false
238 silly fetch manifest on-headers@~1.0.1
239 silly packumentCache full:https://registry.npmjs.org/on-headers cache-miss
240 http fetch GET 200 https://registry.npmjs.org/void-elements 219ms (cache miss)
241 silly packumentCache full:https://registry.npmjs.org/void-elements set size:undefined disposed:false
242 http fetch GET 200 https://registry.npmjs.org/with 209ms (cache miss)
243 silly packumentCache full:https://registry.npmjs.org/with set size:undefined disposed:false
244 http fetch GET 200 https://registry.npmjs.org/uglify-js 261ms (cache miss)
245 silly packumentCache full:https://registry.npmjs.org/uglify-js set size:undefined disposed:false
246 http fetch GET 200 https://registry.npmjs.org/kareem 191ms (cache miss)
247 silly packumentCache full:https://registry.npmjs.org/kareem set size:undefined disposed:false
248 http fetch GET 200 https://registry.npmjs.org/bson 237ms (cache miss)
249 silly packumentCache full:https://registry.npmjs.org/bson set size:undefined disposed:false
250 http fetch GET 200 https://registry.npmjs.org/mpath 186ms (cache miss)
251 silly packumentCache full:https://registry.npmjs.org/mpath set size:undefined disposed:false
252 http fetch GET 200 https://registry.npmjs.org/mquery 175ms (cache miss)
253 silly packumentCache full:https://registry.npmjs.org/mquery set size:undefined disposed:false
254 http fetch GET 200 https://registry.npmjs.org/sift 186ms (cache miss)
255 silly packumentCache full:https://registry.npmjs.org/sift set size:undefined disposed:false
256 http fetch GET 200 https://registry.npmjs.org/basic-auth 182ms (cache miss)
257 silly packumentCache full:https://registry.npmjs.org/basic-auth set size:undefined disposed:false
258 http fetch GET 200 https://registry.npmjs.org/on-headers 175ms (cache miss)
259 silly packumentCache full:https://registry.npmjs.org/on-headers set size:undefined disposed:false
260 http fetch GET 200 https://registry.npmjs.org/mongodb 564ms (cache miss)
261 silly packumentCache full:https://registry.npmjs.org/mongodb set size:undefined disposed:false
262 silly placeDep ROOT cookie@0.7.2 OK for: cookie-parser@1.4.7 want: 0.7.2
263 silly placeDep ROOT cookie-signature@1.0.6 OK for: cookie-parser@1.4.7 want: 1.0.6
264 silly placeDep ROOT ms@2.0.0 OK for: debug@2.6.9 want: 2.0.0
265 silly placeDep ROOT accepts@1.3.8 OK for: express@4.16.4 want: ~1.3.5
266 silly placeDep ROOT array-flatten@1.1.1 OK for: express@4.16.4 want: 1.1.1
267 silly placeDep ROOT body-parser@1.18.3 OK for: express@4.16.4 want: 1.18.3
268 silly placeDep ROOT content-disposition@0.5.2 OK for: express@4.16.4 want: 0.5.2
269 silly placeDep ROOT content-type@1.0.5 OK for: express@4.16.4 want: ~1.0.4
270 silly placeDep node_modules/express cookie@0.3.1 OK for: express@4.16.4 want: 0.3.1
271 silly placeDep ROOT depd@1.1.2 OK for: express@4.16.4 want: ~1.1.2
272 silly placeDep ROOT encodeurl@1.0.2 OK for: express@4.16.4 want: ~1.0.2
273 silly placeDep ROOT escape-html@1.0.3 OK for: express@4.16.4 want: ~1.0.3
274 silly placeDep ROOT etag@1.8.1 OK for: express@4.16.4 want: ~1.8.1
275 silly placeDep ROOT finalhandler@1.1.1 OK for: express@4.16.4 want: 1.1.1
276 silly placeDep ROOT fresh@0.5.2 OK for: express@4.16.4 want: 0.5.2
277 silly placeDep ROOT merge-descriptors@1.0.1 OK for: express@4.16.4 want: 1.0.1
278 silly placeDep ROOT methods@1.1.2 OK for: express@4.16.4 want: ~1.1.2
279 silly placeDep ROOT on-finished@2.3.0 OK for: express@4.16.4 want: ~2.3.0
280 silly placeDep ROOT parseurl@1.3.3 OK for: express@4.16.4 want: ~1.3.2
281 silly placeDep ROOT path-to-regexp@0.1.7 OK for: express@4.16.4 want: 0.1.7
282 silly placeDep ROOT proxy-addr@2.0.7 OK for: express@4.16.4 want: ~2.0.4
283 silly placeDep ROOT qs@6.5.2 OK for: express@4.16.4 want: 6.5.2
284 silly placeDep ROOT range-parser@1.2.1 OK for: express@4.16.4 want: ~1.2.0
285 silly placeDep ROOT safe-buffer@5.1.2 OK for: express@4.16.4 want: 5.1.2
286 silly placeDep ROOT send@0.16.2 OK for: express@4.16.4 want: 0.16.2
287 silly placeDep ROOT serve-static@1.13.2 OK for: express@4.16.4 want: 1.13.2
288 silly placeDep ROOT setprototypeof@1.1.0 OK for: express@4.16.4 want: 1.1.0
289 silly placeDep ROOT statuses@1.4.0 OK for: express@4.16.4 want: ~1.4.0
290 silly placeDep ROOT type-is@1.6.18 OK for: express@4.16.4 want: ~1.6.16
291 silly placeDep ROOT utils-merge@1.0.1 OK for: express@4.16.4 want: 1.0.1
292 silly placeDep ROOT vary@1.1.2 OK for: express@4.16.4 want: ~1.1.2
293 silly fetch manifest mime-types@~2.1.34
294 silly packumentCache full:https://registry.npmjs.org/mime-types cache-miss
295 silly fetch manifest negotiator@0.6.3
296 silly packumentCache full:https://registry.npmjs.org/negotiator cache-miss
297 silly fetch manifest bytes@3.0.0
298 silly packumentCache full:https://registry.npmjs.org/bytes cache-miss
299 silly fetch manifest raw-body@2.3.3
300 silly packumentCache full:https://registry.npmjs.org/raw-body cache-miss
301 silly fetch manifest iconv-lite@0.4.23
302 silly packumentCache full:https://registry.npmjs.org/iconv-lite cache-miss
303 silly fetch manifest unpipe@~1.0.0
304 silly packumentCache full:https://registry.npmjs.org/unpipe cache-miss
305 silly fetch manifest ee-first@1.1.1
306 silly packumentCache full:https://registry.npmjs.org/ee-first cache-miss
307 silly fetch manifest forwarded@0.2.0
308 silly packumentCache full:https://registry.npmjs.org/forwarded cache-miss
309 silly fetch manifest ipaddr.js@1.9.1
310 silly packumentCache full:https://registry.npmjs.org/ipaddr.js cache-miss
311 silly fetch manifest mime@1.4.1
312 silly packumentCache full:https://registry.npmjs.org/mime cache-miss
313 silly fetch manifest destroy@~1.0.4
314 silly packumentCache full:https://registry.npmjs.org/destroy cache-miss
315 http fetch GET 200 https://registry.npmjs.org/ee-first 229ms (cache miss)
316 silly packumentCache full:https://registry.npmjs.org/ee-first set size:undefined disposed:false
317 silly fetch manifest mime-types@~2.1.24
318 silly packumentCache full:https://registry.npmjs.org/mime-types cache-miss
319 http fetch GET 200 https://registry.npmjs.org/unpipe 240ms (cache miss)
320 silly packumentCache full:https://registry.npmjs.org/unpipe set size:undefined disposed:false
321 silly fetch manifest media-typer@0.3.0
322 silly packumentCache full:https://registry.npmjs.org/media-typer cache-miss
323 http fetch GET 200 https://registry.npmjs.org/forwarded 240ms (cache miss)
324 silly packumentCache full:https://registry.npmjs.org/forwarded set size:undefined disposed:false
325 http fetch GET 200 https://registry.npmjs.org/destroy 236ms (cache miss)
326 silly packumentCache full:https://registry.npmjs.org/destroy set size:undefined disposed:false
327 http fetch GET 200 https://registry.npmjs.org/bytes 250ms (cache miss)
328 silly packumentCache full:https://registry.npmjs.org/bytes set size:undefined disposed:false
329 http fetch GET 200 https://registry.npmjs.org/mime 241ms (cache miss)
330 silly packumentCache full:https://registry.npmjs.org/mime set size:undefined disposed:false
331 http fetch GET 200 https://registry.npmjs.org/iconv-lite 257ms (cache miss)
332 silly packumentCache full:https://registry.npmjs.org/iconv-lite set size:undefined disposed:false
333 http fetch GET 200 https://registry.npmjs.org/raw-body 260ms (cache miss)
334 silly packumentCache full:https://registry.npmjs.org/raw-body set size:undefined disposed:false
335 http fetch GET 200 https://registry.npmjs.org/ipaddr.js 255ms (cache miss)
336 silly packumentCache full:https://registry.npmjs.org/ipaddr.js set size:undefined disposed:false
337 http fetch GET 200 https://registry.npmjs.org/negotiator 266ms (cache miss)
338 silly packumentCache full:https://registry.npmjs.org/negotiator set size:undefined disposed:false
339 http fetch GET 200 https://registry.npmjs.org/mime-types 269ms (cache miss)
340 silly packumentCache full:https://registry.npmjs.org/mime-types set size:undefined disposed:false
341 http fetch GET 200 https://registry.npmjs.org/mime-types 179ms (cache miss)
342 silly packumentCache full:https://registry.npmjs.org/mime-types set size:undefined disposed:false
343 http fetch GET 200 https://registry.npmjs.org/media-typer 182ms (cache miss)
344 silly packumentCache full:https://registry.npmjs.org/media-typer set size:undefined disposed:false
345 silly placeDep ROOT mime-types@2.1.35 OK for: accepts@1.3.8 want: ~2.1.34
346 silly placeDep ROOT negotiator@0.6.3 OK for: accepts@1.3.8 want: 0.6.3
347 silly fetch manifest mime-db@1.52.0
348 silly packumentCache full:https://registry.npmjs.org/mime-db cache-miss
349 http fetch GET 200 https://registry.npmjs.org/mime-db 164ms (cache miss)
350 silly packumentCache full:https://registry.npmjs.org/mime-db set size:undefined disposed:false
351 silly placeDep ROOT bytes@3.0.0 OK for: body-parser@1.18.3 want: 3.0.0
352 silly placeDep ROOT iconv-lite@0.4.23 OK for: body-parser@1.18.3 want: 0.4.23
353 silly placeDep ROOT raw-body@2.3.3 OK for: body-parser@1.18.3 want: 2.3.3
354 silly fetch manifest safer-buffer@>= 2.1.2 < 3
355 silly packumentCache full:https://registry.npmjs.org/safer-buffer cache-miss
356 silly fetch manifest unpipe@1.0.0
357 silly packumentCache full:https://registry.npmjs.org/unpipe cache-miss
358 http fetch GET 200 https://registry.npmjs.org/unpipe 7ms (cache hit)
359 silly packumentCache full:https://registry.npmjs.org/unpipe set size:3537 disposed:false
360 http fetch GET 200 https://registry.npmjs.org/safer-buffer 180ms (cache miss)
361 silly packumentCache full:https://registry.npmjs.org/safer-buffer set size:undefined disposed:false
362 silly placeDep ROOT unpipe@1.0.0 OK for: finalhandler@1.1.1 want: ~1.0.0
363 silly placeDep ROOT inherits@2.0.3 OK for: http-errors@1.6.3 want: 2.0.3
364 silly placeDep ROOT safer-buffer@2.1.2 OK for: iconv-lite@0.4.23 want: >= 2.1.2 < 3
365 silly placeDep ROOT character-parser@1.2.1 OK for: jade@1.11.0 want: 1.2.1
366 silly placeDep ROOT clean-css@3.4.28 OK for: jade@1.11.0 want: ^3.1.9
367 silly placeDep ROOT commander@2.6.0 OK for: jade@1.11.0 want: ~2.6.0
368 silly placeDep ROOT constantinople@3.0.2 OK for: jade@1.11.0 want: ~3.0.1
369 silly placeDep ROOT jstransformer@0.0.2 OK for: jade@1.11.0 want: 0.0.2
370 silly placeDep ROOT mkdirp@0.5.6 OK for: jade@1.11.0 want: ~0.5.0
371 silly placeDep ROOT transformers@2.1.0 OK for: jade@1.11.0 want: 2.1.0
372 silly placeDep ROOT uglify-js@2.8.29 OK for: jade@1.11.0 want: ^2.4.19
373 silly placeDep ROOT void-elements@2.0.1 OK for: jade@1.11.0 want: ~2.0.1
374 silly placeDep ROOT with@4.0.3 OK for: jade@1.11.0 want: ~4.0.0
375 silly fetch manifest commander@2.8.x
376 silly packumentCache full:https://registry.npmjs.org/commander cache-miss
377 silly fetch manifest source-map@0.4.x
378 silly packumentCache full:https://registry.npmjs.org/source-map cache-miss
379 silly fetch manifest acorn@^2.1.0
380 silly packumentCache full:https://registry.npmjs.org/acorn cache-miss
381 silly fetch manifest is-promise@^2.0.0
382 silly packumentCache full:https://registry.npmjs.org/is-promise cache-miss
383 silly fetch manifest promise@^6.0.1
384 silly packumentCache full:https://registry.npmjs.org/promise cache-miss
385 silly fetch manifest minimist@^1.2.6
386 silly packumentCache full:https://registry.npmjs.org/minimist cache-miss
387 silly fetch manifest promise@~2.0
388 silly packumentCache full:https://registry.npmjs.org/promise cache-miss
389 silly fetch manifest css@~1.0.8
390 silly packumentCache full:https://registry.npmjs.org/css cache-miss
391 silly fetch manifest uglify-js@~2.2.5
392 silly packumentCache full:https://registry.npmjs.org/uglify-js cache-miss
393 silly fetch manifest yargs@~3.10.0
394 silly packumentCache full:https://registry.npmjs.org/yargs cache-miss
395 silly fetch manifest source-map@~0.5.1
396 silly packumentCache full:https://registry.npmjs.org/source-map cache-miss
397 http fetch GET 200 https://registry.npmjs.org/commander 42ms (cache hit)
398 silly packumentCache full:https://registry.npmjs.org/commander set size:342763 disposed:false
399 silly fetch manifest uglify-to-browserify@~1.0.0
400 silly packumentCache full:https://registry.npmjs.org/uglify-to-browserify cache-miss
401 http fetch GET 200 https://registry.npmjs.org/uglify-js 42ms (cache hit)
402 silly packumentCache full:https://registry.npmjs.org/uglify-js set size:673844 disposed:false
403 silly fetch manifest acorn@^1.0.1
404 silly packumentCache full:https://registry.npmjs.org/acorn cache-miss
405 http fetch GET 200 https://registry.npmjs.org/uglify-to-browserify 811ms (cache miss)
406 silly packumentCache full:https://registry.npmjs.org/uglify-to-browserify set size:undefined disposed:false
407 silly fetch manifest acorn-globals@^1.0.3
408 silly packumentCache full:https://registry.npmjs.org/acorn-globals cache-miss
409 http fetch GET 200 https://registry.npmjs.org/is-promise 858ms (cache miss)
410 silly packumentCache full:https://registry.npmjs.org/is-promise set size:undefined disposed:false
411 http fetch GET 200 https://registry.npmjs.org/minimist 867ms (cache miss)
412 silly packumentCache full:https://registry.npmjs.org/minimist set size:undefined disposed:false
413 http fetch GET 200 https://registry.npmjs.org/css 869ms (cache miss)
414 silly packumentCache full:https://registry.npmjs.org/css set size:undefined disposed:false
415 http fetch GET 200 https://registry.npmjs.org/promise 878ms (cache miss)
416 silly packumentCache full:https://registry.npmjs.org/promise set size:undefined disposed:false
417 http fetch GET 200 https://registry.npmjs.org/promise 880ms (cache miss)
418 silly packumentCache full:https://registry.npmjs.org/promise set size:undefined disposed:false
419 http fetch GET 200 https://registry.npmjs.org/source-map 879ms (cache miss)
420 silly packumentCache full:https://registry.npmjs.org/source-map set size:undefined disposed:false
421 http fetch GET 200 https://registry.npmjs.org/source-map 895ms (cache miss)
422 silly packumentCache full:https://registry.npmjs.org/source-map set size:undefined disposed:false
423 http fetch GET 200 https://registry.npmjs.org/acorn 902ms (cache miss)
424 silly packumentCache full:https://registry.npmjs.org/acorn set size:undefined disposed:false
425 http fetch GET 200 https://registry.npmjs.org/acorn 854ms (cache miss)
426 silly packumentCache full:https://registry.npmjs.org/acorn set size:undefined disposed:false
427 http fetch GET 200 https://registry.npmjs.org/yargs 922ms (cache miss)
428 silly packumentCache full:https://registry.npmjs.org/yargs set size:undefined disposed:false
429 http fetch GET 200 https://registry.npmjs.org/acorn-globals 165ms (cache miss)
430 silly packumentCache full:https://registry.npmjs.org/acorn-globals set size:undefined disposed:false
431 silly placeDep node_modules/clean-css commander@2.8.1 OK for: clean-css@3.4.28 want: 2.8.x
432 silly placeDep ROOT source-map@0.4.4 OK for: clean-css@3.4.28 want: 0.4.x
433 silly fetch manifest graceful-readlink@>= 1.0.0
434 silly packumentCache full:https://registry.npmjs.org/graceful-readlink cache-miss
435 silly fetch manifest amdefine@>=0.0.4
436 silly packumentCache full:https://registry.npmjs.org/amdefine cache-miss
437 http fetch GET 200 https://registry.npmjs.org/graceful-readlink 170ms (cache miss)
438 silly packumentCache full:https://registry.npmjs.org/graceful-readlink set size:undefined disposed:false
439 http fetch GET 200 https://registry.npmjs.org/amdefine 178ms (cache miss)
440 silly packumentCache full:https://registry.npmjs.org/amdefine set size:undefined disposed:false
441 silly placeDep ROOT acorn@2.7.0 OK for: constantinople@3.0.2 want: ^2.1.0
442 silly placeDep ROOT is-promise@2.2.2 OK for: jstransformer@0.0.2 want: ^2.0.0
443 silly placeDep ROOT promise@6.1.0 OK for: jstransformer@0.0.2 want: ^6.0.1
444 silly fetch manifest asap@~1.0.0
445 silly packumentCache full:https://registry.npmjs.org/asap cache-miss
446 http fetch GET 200 https://registry.npmjs.org/asap 170ms (cache miss)
447 silly packumentCache full:https://registry.npmjs.org/asap set size:undefined disposed:false
448 silly placeDep ROOT mime-db@1.52.0 OK for: mime-types@2.1.35 want: 1.52.0
449 silly placeDep ROOT minimist@1.2.8 OK for: mkdirp@0.5.6 want: ^1.2.6
450 silly fetch manifest @aws-sdk/credential-providers@^3.188.0
451 silly packumentCache full:https://registry.npmjs.org/@aws-sdk%2fcredential-providers cache-miss
452 http fetch GET 200 https://registry.npmjs.org/@aws-sdk%2fcredential-providers 191ms (cache miss)
453 silly packumentCache full:https://registry.npmjs.org/@aws-sdk%2fcredential-providers set size:undefined disposed:false
454 silly fetch manifest @mongodb-js/zstd@^1.1.0 || ^2.0.0
455 silly packumentCache full:https://registry.npmjs.org/@mongodb-js%2fzstd cache-miss
456 http fetch GET 200 https://registry.npmjs.org/@mongodb-js%2fzstd 190ms (cache miss)
457 silly packumentCache full:https://registry.npmjs.org/@mongodb-js%2fzstd set size:undefined disposed:false
458 silly fetch manifest gcp-metadata@^5.2.0
459 silly packumentCache full:https://registry.npmjs.org/gcp-metadata cache-miss
460 http fetch GET 200 https://registry.npmjs.org/gcp-metadata 153ms (cache miss)
461 silly packumentCache full:https://registry.npmjs.org/gcp-metadata set size:undefined disposed:false
462 silly fetch manifest kerberos@^2.0.1
463 silly packumentCache full:https://registry.npmjs.org/kerberos cache-miss
464 http fetch GET 200 https://registry.npmjs.org/kerberos 163ms (cache miss)
465 silly packumentCache full:https://registry.npmjs.org/kerberos set size:undefined disposed:false
466 silly fetch manifest mongodb-client-encryption@>=6.0.0 <7
467 silly packumentCache full:https://registry.npmjs.org/mongodb-client-encryption cache-miss
468 http fetch GET 200 https://registry.npmjs.org/mongodb-client-encryption 188ms (cache miss)
469 silly packumentCache full:https://registry.npmjs.org/mongodb-client-encryption set size:undefined disposed:false
470 silly fetch manifest snappy@^7.2.2
471 silly packumentCache full:https://registry.npmjs.org/snappy cache-miss
472 http fetch GET 200 https://registry.npmjs.org/snappy 148ms (cache miss)
473 silly packumentCache full:https://registry.npmjs.org/snappy set size:undefined disposed:false
474 silly fetch manifest socks@^2.7.1
475 silly packumentCache full:https://registry.npmjs.org/socks cache-miss
476 http fetch GET 200 https://registry.npmjs.org/socks 159ms (cache miss)
477 silly packumentCache full:https://registry.npmjs.org/socks set size:undefined disposed:false
478 silly placeDep ROOT bson@6.10.4 OK for: mongoose@8.18.2 want: ^6.10.4
479 silly placeDep ROOT kareem@2.6.3 OK for: mongoose@8.18.2 want: 2.6.3
480 silly placeDep ROOT mongodb@6.18.0 OK for: mongoose@8.18.2 want: ~6.18.0
481 silly placeDep ROOT mpath@0.9.0 OK for: mongoose@8.18.2 want: 0.9.0
482 silly placeDep ROOT mquery@5.0.0 OK for: mongoose@8.18.2 want: 5.0.0
483 silly placeDep node_modules/mongoose ms@2.1.3 OK for: mongoose@8.18.2 want: 2.1.3
484 silly placeDep ROOT sift@17.1.3 OK for: mongoose@8.18.2 want: 17.1.3
485 silly fetch manifest @mongodb-js/saslprep@^1.1.9
486 silly packumentCache full:https://registry.npmjs.org/@mongodb-js%2fsaslprep cache-miss
487 silly fetch manifest mongodb-connection-string-url@^3.0.0
488 silly packumentCache full:https://registry.npmjs.org/mongodb-connection-string-url cache-miss
489 silly fetch manifest debug@4.x
490 silly packumentCache full:https://registry.npmjs.org/debug cache-miss
491 http fetch GET 200 https://registry.npmjs.org/debug 38ms (cache hit)
492 silly packumentCache full:https://registry.npmjs.org/debug set size:195840 disposed:false
493 http fetch GET 200 https://registry.npmjs.org/mongodb-connection-string-url 147ms (cache miss)
494 silly packumentCache full:https://registry.npmjs.org/mongodb-connection-string-url set size:undefined disposed:false
495 http fetch GET 200 https://registry.npmjs.org/@mongodb-js%2fsaslprep 162ms (cache miss)
496 silly packumentCache full:https://registry.npmjs.org/@mongodb-js%2fsaslprep set size:undefined disposed:false
497 silly placeDep ROOT @mongodb-js/saslprep@1.3.0 OK for: mongodb@6.18.0 want: ^1.1.9
498 silly placeDep ROOT mongodb-connection-string-url@3.0.2 OK for: mongodb@6.18.0 want: ^3.0.0
499 silly fetch manifest sparse-bitfield@^3.0.3
500 silly packumentCache full:https://registry.npmjs.org/sparse-bitfield cache-miss
501 silly fetch manifest whatwg-url@^14.1.0 || ^13.0.0
502 silly packumentCache full:https://registry.npmjs.org/whatwg-url cache-miss
503 silly fetch manifest @types/whatwg-url@^11.0.2
504 silly packumentCache full:https://registry.npmjs.org/@types%2fwhatwg-url cache-miss
505 http fetch GET 200 https://registry.npmjs.org/@types%2fwhatwg-url 165ms (cache miss)
506 silly packumentCache full:https://registry.npmjs.org/@types%2fwhatwg-url set size:undefined disposed:false
507 http fetch GET 200 https://registry.npmjs.org/whatwg-url 167ms (cache miss)
508 silly packumentCache full:https://registry.npmjs.org/whatwg-url set size:undefined disposed:false
509 http fetch GET 200 https://registry.npmjs.org/sparse-bitfield 171ms (cache miss)
510 silly packumentCache full:https://registry.npmjs.org/sparse-bitfield set size:undefined disposed:false
511 silly placeDep ROOT sparse-bitfield@3.0.3 OK for: @mongodb-js/saslprep@1.3.0 want: ^3.0.3
512 silly fetch manifest memory-pager@^1.0.2
513 silly packumentCache full:https://registry.npmjs.org/memory-pager cache-miss
514 http fetch GET 200 https://registry.npmjs.org/memory-pager 151ms (cache miss)
515 silly packumentCache full:https://registry.npmjs.org/memory-pager set size:undefined disposed:false
516 silly placeDep ROOT @types/whatwg-url@11.0.5 OK for: mongodb-connection-string-url@3.0.2 want: ^11.0.2
517 silly placeDep ROOT whatwg-url@14.2.0 OK for: mongodb-connection-string-url@3.0.2 want: ^14.1.0 || ^13.0.0
518 silly fetch manifest @types/webidl-conversions@*
519 silly packumentCache full:https://registry.npmjs.org/@types%2fwebidl-conversions cache-miss
520 silly fetch manifest tr46@^5.1.0
521 silly packumentCache full:https://registry.npmjs.org/tr46 cache-miss
522 silly fetch manifest webidl-conversions@^7.0.0
523 silly packumentCache full:https://registry.npmjs.org/webidl-conversions cache-miss
524 http fetch GET 200 https://registry.npmjs.org/tr46 163ms (cache miss)
525 silly packumentCache full:https://registry.npmjs.org/tr46 set size:undefined disposed:false
526 http fetch GET 200 https://registry.npmjs.org/@types%2fwebidl-conversions 169ms (cache miss)
527 silly packumentCache full:https://registry.npmjs.org/@types%2fwebidl-conversions set size:undefined disposed:false
528 http fetch GET 200 https://registry.npmjs.org/webidl-conversions 168ms (cache miss)
529 silly packumentCache full:https://registry.npmjs.org/webidl-conversions set size:undefined disposed:false
530 silly placeDep ROOT @types/webidl-conversions@7.0.3 OK for: @types/whatwg-url@11.0.5 want: *
531 silly placeDep ROOT basic-auth@2.0.1 OK for: morgan@1.9.1 want: ~2.0.0
532 silly placeDep ROOT on-headers@1.0.2 OK for: morgan@1.9.1 want: ~1.0.1
533 silly placeDep node_modules/mquery debug@4.4.3 OK for: mquery@5.0.0 want: 4.x
534 silly fetch manifest ms@^2.1.3
535 silly packumentCache full:https://registry.npmjs.org/ms cache-hit
536 silly placeDep ROOT ee-first@1.1.1 OK for: on-finished@2.3.0 want: 1.1.1
537 silly placeDep ROOT asap@1.0.0 OK for: promise@6.1.0 want: ~1.0.0
538 silly placeDep ROOT forwarded@0.2.0 OK for: proxy-addr@2.0.7 want: 0.2.0
539 silly placeDep ROOT ipaddr.js@1.9.1 OK for: proxy-addr@2.0.7 want: 1.9.1
540 silly placeDep ROOT destroy@1.0.4 OK for: send@0.16.2 want: ~1.0.4
541 silly placeDep ROOT mime@1.4.1 OK for: send@0.16.2 want: 1.4.1
542 silly placeDep ROOT amdefine@1.0.1 OK for: source-map@0.4.4 want: >=0.0.4
543 silly placeDep ROOT memory-pager@1.5.0 OK for: sparse-bitfield@3.0.3 want: ^1.0.2
544 silly placeDep ROOT css@1.0.8 OK for: transformers@2.1.0 want: ~1.0.8
545 silly placeDep node_modules/transformers promise@2.0.0 OK for: transformers@2.1.0 want: ~2.0
546 silly placeDep node_modules/transformers uglify-js@2.2.5 OK for: transformers@2.1.0 want: ~2.2.5
547 silly fetch manifest css-parse@1.0.4
548 silly packumentCache full:https://registry.npmjs.org/css-parse cache-miss
549 silly fetch manifest css-stringify@1.0.5
550 silly packumentCache full:https://registry.npmjs.org/css-stringify cache-miss
551 silly fetch manifest is-promise@~1
552 silly packumentCache full:https://registry.npmjs.org/is-promise cache-miss
553 silly fetch manifest optimist@~0.3.5
554 silly packumentCache full:https://registry.npmjs.org/optimist cache-miss
555 silly fetch manifest source-map@~0.1.7
556 silly packumentCache full:https://registry.npmjs.org/source-map cache-miss
557 http fetch GET 200 https://registry.npmjs.org/is-promise 40ms (cache hit)
558 silly packumentCache full:https://registry.npmjs.org/is-promise set size:18599 disposed:false
559 http fetch GET 200 https://registry.npmjs.org/source-map 42ms (cache hit)
560 silly packumentCache full:https://registry.npmjs.org/source-map set size:226090 disposed:false
561 http fetch GET 200 https://registry.npmjs.org/css-parse 147ms (cache miss)
562 silly packumentCache full:https://registry.npmjs.org/css-parse set size:undefined disposed:false
563 http fetch GET 200 https://registry.npmjs.org/optimist 162ms (cache miss)
564 silly packumentCache full:https://registry.npmjs.org/optimist set size:undefined disposed:false
565 http fetch GET 200 https://registry.npmjs.org/css-stringify 699ms (cache miss)
566 silly packumentCache full:https://registry.npmjs.org/css-stringify set size:undefined disposed:false
567 silly placeDep ROOT css-parse@1.0.4 OK for: css@1.0.8 want: 1.0.4
568 silly placeDep ROOT css-stringify@1.0.5 OK for: css@1.0.8 want: 1.0.5
569 silly placeDep ROOT media-typer@0.3.0 OK for: type-is@1.6.18 want: 0.3.0
570 silly placeDep node_modules/uglify-js source-map@0.5.7 OK for: uglify-js@2.8.29 want: ~0.5.1
571 silly placeDep ROOT uglify-to-browserify@1.0.2 OK for: uglify-js@2.8.29 want: ~1.0.0
572 silly placeDep ROOT yargs@3.10.0 OK for: uglify-js@2.8.29 want: ~3.10.0
573 silly fetch manifest cliui@^2.1.0
574 silly packumentCache full:https://registry.npmjs.org/cliui cache-miss
575 silly fetch manifest camelcase@^1.0.2
576 silly packumentCache full:https://registry.npmjs.org/camelcase cache-miss
577 silly fetch manifest decamelize@^1.0.0
578 silly packumentCache full:https://registry.npmjs.org/decamelize cache-miss
579 silly fetch manifest window-size@0.1.0
580 silly packumentCache full:https://registry.npmjs.org/window-size cache-miss
581 http fetch GET 200 https://registry.npmjs.org/cliui 145ms (cache miss)
582 silly packumentCache full:https://registry.npmjs.org/cliui set size:undefined disposed:false
583 http fetch GET 200 https://registry.npmjs.org/camelcase 160ms (cache miss)
584 silly packumentCache full:https://registry.npmjs.org/camelcase set size:undefined disposed:false
585 http fetch GET 200 https://registry.npmjs.org/window-size 161ms (cache miss)
586 silly packumentCache full:https://registry.npmjs.org/window-size set size:undefined disposed:false
587 http fetch GET 200 https://registry.npmjs.org/decamelize 209ms (cache miss)
588 silly packumentCache full:https://registry.npmjs.org/decamelize set size:undefined disposed:false
589 silly placeDep ROOT tr46@5.1.1 OK for: whatwg-url@14.2.0 want: ^5.1.0
590 silly placeDep ROOT webidl-conversions@7.0.0 OK for: whatwg-url@14.2.0 want: ^7.0.0
591 silly fetch manifest punycode@^2.3.1
592 silly packumentCache full:https://registry.npmjs.org/punycode cache-miss
593 http fetch GET 200 https://registry.npmjs.org/punycode 162ms (cache miss)
594 silly packumentCache full:https://registry.npmjs.org/punycode set size:undefined disposed:false
595 silly placeDep ROOT punycode@2.3.1 OK for: tr46@5.1.1 want: ^2.3.1
596 silly placeDep node_modules/with acorn@1.2.2 OK for: with@4.0.3 want: ^1.0.1
597 silly placeDep ROOT acorn-globals@1.0.9 OK for: with@4.0.3 want: ^1.0.3
598 silly placeDep ROOT camelcase@1.2.1 OK for: yargs@3.10.0 want: ^1.0.2
599 silly placeDep ROOT cliui@2.1.0 OK for: yargs@3.10.0 want: ^2.1.0
600 silly placeDep ROOT decamelize@1.2.0 OK for: yargs@3.10.0 want: ^1.0.0
601 silly placeDep ROOT window-size@0.1.0 OK for: yargs@3.10.0 want: 0.1.0
602 silly fetch manifest wordwrap@0.0.2
603 silly packumentCache full:https://registry.npmjs.org/wordwrap cache-miss
604 silly fetch manifest right-align@^0.1.1
605 silly packumentCache full:https://registry.npmjs.org/right-align cache-miss
606 silly fetch manifest center-align@^0.1.1
607 silly packumentCache full:https://registry.npmjs.org/center-align cache-miss
608 http fetch GET 200 https://registry.npmjs.org/wordwrap 164ms (cache miss)
609 silly packumentCache full:https://registry.npmjs.org/wordwrap set size:undefined disposed:false
610 http fetch GET 200 https://registry.npmjs.org/center-align 165ms (cache miss)
611 silly packumentCache full:https://registry.npmjs.org/center-align set size:undefined disposed:false
612 http fetch GET 200 https://registry.npmjs.org/right-align 166ms (cache miss)
613 silly packumentCache full:https://registry.npmjs.org/right-align set size:undefined disposed:false
614 silly placeDep ROOT center-align@0.1.3 OK for: cliui@2.1.0 want: ^0.1.1
615 silly placeDep ROOT right-align@0.1.3 OK for: cliui@2.1.0 want: ^0.1.1
616 silly placeDep ROOT wordwrap@0.0.2 OK for: cliui@2.1.0 want: 0.0.2
617 silly fetch manifest align-text@^0.1.3
618 silly packumentCache full:https://registry.npmjs.org/align-text cache-miss
619 silly fetch manifest lazy-cache@^1.0.3
620 silly packumentCache full:https://registry.npmjs.org/lazy-cache cache-miss
621 silly fetch manifest align-text@^0.1.1
622 silly packumentCache full:https://registry.npmjs.org/align-text cache-miss
623 http fetch GET 200 https://registry.npmjs.org/lazy-cache 157ms (cache miss)
624 silly packumentCache full:https://registry.npmjs.org/lazy-cache set size:undefined disposed:false
625 http fetch GET 200 https://registry.npmjs.org/align-text 163ms (cache miss)
626 silly packumentCache full:https://registry.npmjs.org/align-text set size:undefined disposed:false
627 http fetch GET 200 https://registry.npmjs.org/align-text 164ms (cache miss)
628 silly packumentCache full:https://registry.npmjs.org/align-text set size:undefined disposed:false
629 silly placeDep ROOT align-text@0.1.4 OK for: center-align@0.1.3 want: ^0.1.3
630 silly placeDep ROOT lazy-cache@1.0.4 OK for: center-align@0.1.3 want: ^1.0.3
631 silly fetch manifest kind-of@^3.0.2
632 silly packumentCache full:https://registry.npmjs.org/kind-of cache-miss
633 silly fetch manifest longest@^1.0.1
634 silly packumentCache full:https://registry.npmjs.org/longest cache-miss
635 silly fetch manifest repeat-string@^1.5.2
636 silly packumentCache full:https://registry.npmjs.org/repeat-string cache-miss
637 http fetch GET 200 https://registry.npmjs.org/kind-of 195ms (cache miss)
638 silly packumentCache full:https://registry.npmjs.org/kind-of set size:undefined disposed:false
639 http fetch GET 200 https://registry.npmjs.org/repeat-string 196ms (cache miss)
640 silly packumentCache full:https://registry.npmjs.org/repeat-string set size:undefined disposed:false
641 http fetch GET 200 https://registry.npmjs.org/longest 200ms (cache miss)
642 silly packumentCache full:https://registry.npmjs.org/longest set size:undefined disposed:false
643 silly placeDep ROOT kind-of@3.2.2 OK for: align-text@0.1.4 want: ^3.0.2
644 silly placeDep ROOT longest@1.0.1 OK for: align-text@0.1.4 want: ^1.0.1
645 silly placeDep ROOT repeat-string@1.6.1 OK for: align-text@0.1.4 want: ^1.5.2
646 silly fetch manifest is-buffer@^1.1.5
647 silly packumentCache full:https://registry.npmjs.org/is-buffer cache-miss
648 http fetch GET 200 https://registry.npmjs.org/is-buffer 181ms (cache miss)
649 silly packumentCache full:https://registry.npmjs.org/is-buffer set size:undefined disposed:false
650 silly placeDep ROOT is-buffer@1.1.6 OK for: kind-of@3.2.2 want: ^1.1.5
651 silly placeDep ROOT graceful-readlink@1.0.1 OK for: commander@2.8.1 want: >= 1.0.0
652 silly placeDep node_modules/mquery ms@2.1.3 OK for: debug@4.4.3 want: ^2.1.3
653 silly placeDep node_modules/transformers is-promise@1.0.1 OK for: promise@2.0.0 want: ~1
654 silly placeDep ROOT optimist@0.3.7 OK for: uglify-js@2.2.5 want: ~0.3.5
655 silly placeDep node_modules/transformers source-map@0.1.43 OK for: uglify-js@2.2.5 want: ~0.1.7
656 silly reify moves {}
657 silly audit bulk request {
657 silly audit   'cookie-parser': [ '1.4.7' ],
657 silly audit   debug: [ '2.6.9', '4.4.3' ],
657 silly audit   express: [ '4.16.4' ],
657 silly audit   'http-errors': [ '1.6.3' ],
657 silly audit   jade: [ '1.11.0' ],
657 silly audit   mongoose: [ '8.18.2' ],
657 silly audit   morgan: [ '1.9.1' ],
657 silly audit   cookie: [ '0.7.2', '0.3.1' ],
657 silly audit   'cookie-signature': [ '1.0.6' ],
657 silly audit   ms: [ '2.0.0', '2.1.3' ],
657 silly audit   accepts: [ '1.3.8' ],
657 silly audit   'array-flatten': [ '1.1.1' ],
657 silly audit   'body-parser': [ '1.18.3' ],
657 silly audit   'content-disposition': [ '0.5.2' ],
657 silly audit   'content-type': [ '1.0.5' ],
657 silly audit   depd: [ '1.1.2' ],
657 silly audit   encodeurl: [ '1.0.2' ],
657 silly audit   'escape-html': [ '1.0.3' ],
657 silly audit   etag: [ '1.8.1' ],
657 silly audit   finalhandler: [ '1.1.1' ],
657 silly audit   fresh: [ '0.5.2' ],
657 silly audit   'merge-descriptors': [ '1.0.1' ],
657 silly audit   methods: [ '1.1.2' ],
657 silly audit   'on-finished': [ '2.3.0' ],
657 silly audit   parseurl: [ '1.3.3' ],
657 silly audit   'path-to-regexp': [ '0.1.7' ],
657 silly audit   'proxy-addr': [ '2.0.7' ],
657 silly audit   qs: [ '6.5.2' ],
657 silly audit   'range-parser': [ '1.2.1' ],
657 silly audit   'safe-buffer': [ '5.1.2' ],
657 silly audit   send: [ '0.16.2' ],
657 silly audit   'serve-static': [ '1.13.2' ],
657 silly audit   setprototypeof: [ '1.1.0' ],
657 silly audit   statuses: [ '1.4.0' ],
657 silly audit   'type-is': [ '1.6.18' ],
657 silly audit   'utils-merge': [ '1.0.1' ],
657 silly audit   vary: [ '1.1.2' ],
657 silly audit   'mime-types': [ '2.1.35' ],
657 silly audit   negotiator: [ '0.6.3' ],
657 silly audit   bytes: [ '3.0.0' ],
657 silly audit   'iconv-lite': [ '0.4.23' ],
657 silly audit   'raw-body': [ '2.3.3' ],
657 silly audit   unpipe: [ '1.0.0' ],
657 silly audit   inherits: [ '2.0.3' ],
657 silly audit   'safer-buffer': [ '2.1.2' ],
657 silly audit   'character-parser': [ '1.2.1' ],
657 silly audit   'clean-css': [ '3.4.28' ],
657 silly audit   commander: [ '2.6.0', '2.8.1' ],
657 silly audit   constantinople: [ '3.0.2' ],
657 silly audit   jstransformer: [ '0.0.2' ],
657 silly audit   mkdirp: [ '0.5.6' ],
657 silly audit   transformers: [ '2.1.0' ],
657 silly audit   'uglify-js': [ '2.8.29', '2.2.5' ],
657 silly audit   'void-elements': [ '2.0.1' ],
657 silly audit   with: [ '4.0.3' ],
657 silly audit   'source-map': [ '0.4.4', '0.5.7', '0.1.43' ],
657 silly audit   acorn: [ '2.7.0', '1.2.2' ],
657 silly audit   'is-promise': [ '2.2.2', '1.0.1' ],
657 silly audit   promise: [ '6.1.0', '2.0.0' ],
657 silly audit   'mime-db': [ '1.52.0' ],
657 silly audit   minimist: [ '1.2.8' ],
657 silly audit   bson: [ '6.10.4' ],
657 silly audit   kareem: [ '2.6.3' ],
657 silly audit   mongodb: [ '6.18.0' ],
657 silly audit   mpath: [ '0.9.0' ],
657 silly audit   mquery: [ '5.0.0' ],
657 silly audit   sift: [ '17.1.3' ],
657 silly audit   '@mongodb-js/saslprep': [ '1.3.0' ],
657 silly audit   'mongodb-connection-string-url': [ '3.0.2' ],
657 silly audit   'sparse-bitfield': [ '3.0.3' ],
657 silly audit   '@types/whatwg-url': [ '11.0.5' ],
657 silly audit   'whatwg-url': [ '14.2.0' ],
657 silly audit   '@types/webidl-conversions': [ '7.0.3' ],
657 silly audit   'basic-auth': [ '2.0.1' ],
657 silly audit   'on-headers': [ '1.0.2' ],
657 silly audit   'ee-first': [ '1.1.1' ],
657 silly audit   asap: [ '1.0.0' ],
657 silly audit   forwarded: [ '0.2.0' ],
657 silly audit   'ipaddr.js': [ '1.9.1' ],
657 silly audit   destroy: [ '1.0.4' ],
657 silly audit   mime: [ '1.4.1' ],
657 silly audit   amdefine: [ '1.0.1' ],
657 silly audit   'memory-pager': [ '1.5.0' ],
657 silly audit   css: [ '1.0.8' ],
657 silly audit   'css-parse': [ '1.0.4' ],
657 silly audit   'css-stringify': [ '1.0.5' ],
657 silly audit   'media-typer': [ '0.3.0' ],
657 silly audit   'uglify-to-browserify': [ '1.0.2' ],
657 silly audit   yargs: [ '3.10.0' ],
657 silly audit   tr46: [ '5.1.1' ],
657 silly audit   'webidl-conversions': [ '7.0.0' ],
657 silly audit   punycode: [ '2.3.1' ],
657 silly audit   'acorn-globals': [ '1.0.9' ],
657 silly audit   camelcase: [ '1.2.1' ],
657 silly audit   cliui: [ '2.1.0' ],
657 silly audit   decamelize: [ '1.2.0' ],
657 silly audit   'window-size': [ '0.1.0' ],
657 silly audit   'center-align': [ '0.1.3' ],
657 silly audit   'right-align': [ '0.1.3' ],
657 silly audit   wordwrap: [ '0.0.2' ],
657 silly audit   'align-text': [ '0.1.4' ],
657 silly audit   'lazy-cache': [ '1.0.4' ],
657 silly audit   'kind-of': [ '3.2.2' ],
657 silly audit   longest: [ '1.0.1' ],
657 silly audit   'repeat-string': [ '1.6.1' ],
657 silly audit   'is-buffer': [ '1.1.6' ],
657 silly audit   'graceful-readlink': [ '1.0.1' ],
657 silly audit   optimist: [ '0.3.7' ]
657 silly audit }
658 silly tarball no local data for graceful-readlink@https://registry.npmjs.org/graceful-readlink/-/graceful-readlink-1.0.1.tgz. Extracting by manifest.
659 silly tarball no local data for is-buffer@https://registry.npmjs.org/is-buffer/-/is-buffer-1.1.6.tgz. Extracting by manifest.
660 silly tarball no local data for repeat-string@https://registry.npmjs.org/repeat-string/-/repeat-string-1.6.1.tgz. Extracting by manifest.
661 silly tarball no local data for longest@https://registry.npmjs.org/longest/-/longest-1.0.1.tgz. Extracting by manifest.
662 silly tarball no local data for kind-of@https://registry.npmjs.org/kind-of/-/kind-of-3.2.2.tgz. Extracting by manifest.
663 silly tarball no local data for lazy-cache@https://registry.npmjs.org/lazy-cache/-/lazy-cache-1.0.4.tgz. Extracting by manifest.
664 silly tarball no local data for wordwrap@https://registry.npmjs.org/wordwrap/-/wordwrap-0.0.2.tgz. Extracting by manifest.
665 silly tarball no local data for right-align@https://registry.npmjs.org/right-align/-/right-align-0.1.3.tgz. Extracting by manifest.
666 silly tarball no local data for align-text@https://registry.npmjs.org/align-text/-/align-text-0.1.4.tgz. Extracting by manifest.
667 silly tarball no local data for window-size@https://registry.npmjs.org/window-size/-/window-size-0.1.0.tgz. Extracting by manifest.
668 silly tarball no local data for center-align@https://registry.npmjs.org/center-align/-/center-align-0.1.3.tgz. Extracting by manifest.
669 silly tarball no local data for optimist@https://registry.npmjs.org/optimist/-/optimist-0.3.7.tgz. Extracting by manifest.
670 silly tarball no local data for cliui@https://registry.npmjs.org/cliui/-/cliui-2.1.0.tgz. Extracting by manifest.
671 silly tarball no local data for decamelize@https://registry.npmjs.org/decamelize/-/decamelize-1.2.0.tgz. Extracting by manifest.
672 silly tarball no local data for camelcase@https://registry.npmjs.org/camelcase/-/camelcase-1.2.1.tgz. Extracting by manifest.
673 silly tarball no local data for acorn-globals@https://registry.npmjs.org/acorn-globals/-/acorn-globals-1.0.9.tgz. Extracting by manifest.
674 silly tarball no local data for punycode@https://registry.npmjs.org/punycode/-/punycode-2.3.1.tgz. Extracting by manifest.
675 silly tarball no local data for tr46@https://registry.npmjs.org/tr46/-/tr46-5.1.1.tgz. Extracting by manifest.
676 silly tarball no local data for webidl-conversions@https://registry.npmjs.org/webidl-conversions/-/webidl-conversions-7.0.0.tgz. Extracting by manifest.
677 silly tarball no local data for yargs@https://registry.npmjs.org/yargs/-/yargs-3.10.0.tgz. Extracting by manifest.
678 silly tarball no local data for css-stringify@https://registry.npmjs.org/css-stringify/-/css-stringify-1.0.5.tgz. Extracting by manifest.
679 silly tarball no local data for media-typer@https://registry.npmjs.org/media-typer/-/media-typer-0.3.0.tgz. Extracting by manifest.
680 silly tarball no local data for uglify-to-browserify@https://registry.npmjs.org/uglify-to-browserify/-/uglify-to-browserify-1.0.2.tgz. Extracting by manifest.
681 silly tarball no local data for css-parse@https://registry.npmjs.org/css-parse/-/css-parse-1.0.4.tgz. Extracting by manifest.
682 silly tarball no local data for css@https://registry.npmjs.org/css/-/css-1.0.8.tgz. Extracting by manifest.
683 silly tarball no local data for mime@https://registry.npmjs.org/mime/-/mime-1.4.1.tgz. Extracting by manifest.
684 silly tarball no local data for memory-pager@https://registry.npmjs.org/memory-pager/-/memory-pager-1.5.0.tgz. Extracting by manifest.
685 silly tarball no local data for amdefine@https://registry.npmjs.org/amdefine/-/amdefine-1.0.1.tgz. Extracting by manifest.
686 silly tarball no local data for ipaddr.js@https://registry.npmjs.org/ipaddr.js/-/ipaddr.js-1.9.1.tgz. Extracting by manifest.
687 silly tarball no local data for destroy@https://registry.npmjs.org/destroy/-/destroy-1.0.4.tgz. Extracting by manifest.
688 silly tarball no local data for forwarded@https://registry.npmjs.org/forwarded/-/forwarded-0.2.0.tgz. Extracting by manifest.
689 silly tarball no local data for @types/webidl-conversions@https://registry.npmjs.org/@types/webidl-conversions/-/webidl-conversions-7.0.3.tgz. Extracting by manifest.
690 silly tarball no local data for asap@https://registry.npmjs.org/asap/-/asap-1.0.0.tgz. Extracting by manifest.
691 silly tarball no local data for ee-first@https://registry.npmjs.org/ee-first/-/ee-first-1.1.1.tgz. Extracting by manifest.
692 silly tarball no local data for on-headers@https://registry.npmjs.org/on-headers/-/on-headers-1.0.2.tgz. Extracting by manifest.
693 silly tarball no local data for @types/whatwg-url@https://registry.npmjs.org/@types/whatwg-url/-/whatwg-url-11.0.5.tgz. Extracting by manifest.
694 silly tarball no local data for whatwg-url@https://registry.npmjs.org/whatwg-url/-/whatwg-url-14.2.0.tgz. Extracting by manifest.
695 silly tarball no local data for @mongodb-js/saslprep@https://registry.npmjs.org/@mongodb-js/saslprep/-/saslprep-1.3.0.tgz. Extracting by manifest.
696 silly tarball no local data for sparse-bitfield@https://registry.npmjs.org/sparse-bitfield/-/sparse-bitfield-3.0.3.tgz. Extracting by manifest.
697 silly tarball no local data for mongodb-connection-string-url@https://registry.npmjs.org/mongodb-connection-string-url/-/mongodb-connection-string-url-3.0.2.tgz. Extracting by manifest.
698 silly tarball no local data for mquery@https://registry.npmjs.org/mquery/-/mquery-5.0.0.tgz. Extracting by manifest.
699 silly tarball no local data for basic-auth@https://registry.npmjs.org/basic-auth/-/basic-auth-2.0.1.tgz. Extracting by manifest.
700 silly tarball no local data for sift@https://registry.npmjs.org/sift/-/sift-17.1.3.tgz. Extracting by manifest.
701 silly tarball no local data for mpath@https://registry.npmjs.org/mpath/-/mpath-0.9.0.tgz. Extracting by manifest.
702 silly tarball no local data for bson@https://registry.npmjs.org/bson/-/bson-6.10.4.tgz. Extracting by manifest.
703 silly tarball no local data for mongodb@https://registry.npmjs.org/mongodb/-/mongodb-6.18.0.tgz. Extracting by manifest.
704 silly tarball no local data for kareem@https://registry.npmjs.org/kareem/-/kareem-2.6.3.tgz. Extracting by manifest.
705 silly tarball no local data for mime-db@https://registry.npmjs.org/mime-db/-/mime-db-1.52.0.tgz. Extracting by manifest.
706 silly tarball no local data for promise@https://registry.npmjs.org/promise/-/promise-6.1.0.tgz. Extracting by manifest.
707 silly tarball no local data for minimist@https://registry.npmjs.org/minimist/-/minimist-1.2.8.tgz. Extracting by manifest.
708 silly tarball no local data for source-map@https://registry.npmjs.org/source-map/-/source-map-0.4.4.tgz. Extracting by manifest.
709 silly tarball no local data for is-promise@https://registry.npmjs.org/is-promise/-/is-promise-2.2.2.tgz. Extracting by manifest.
710 silly tarball no local data for with@https://registry.npmjs.org/with/-/with-4.0.3.tgz. Extracting by manifest.
711 silly tarball no local data for acorn@https://registry.npmjs.org/acorn/-/acorn-2.7.0.tgz. Extracting by manifest.
712 silly tarball no local data for void-elements@https://registry.npmjs.org/void-elements/-/void-elements-2.0.1.tgz. Extracting by manifest.
713 silly tarball no local data for transformers@https://registry.npmjs.org/transformers/-/transformers-2.1.0.tgz. Extracting by manifest.
714 silly tarball no local data for uglify-js@https://registry.npmjs.org/uglify-js/-/uglify-js-2.8.29.tgz. Extracting by manifest.
715 silly tarball no local data for jstransformer@https://registry.npmjs.org/jstransformer/-/jstransformer-0.0.2.tgz. Extracting by manifest.
716 silly tarball no local data for mkdirp@https://registry.npmjs.org/mkdirp/-/mkdirp-0.5.6.tgz. Extracting by manifest.
717 silly tarball no local data for commander@https://registry.npmjs.org/commander/-/commander-2.6.0.tgz. Extracting by manifest.
718 silly tarball no local data for constantinople@https://registry.npmjs.org/constantinople/-/constantinople-3.0.2.tgz. Extracting by manifest.
719 silly tarball no local data for character-parser@https://registry.npmjs.org/character-parser/-/character-parser-1.2.1.tgz. Extracting by manifest.
720 silly tarball no local data for clean-css@https://registry.npmjs.org/clean-css/-/clean-css-3.4.28.tgz. Extracting by manifest.
721 silly tarball no local data for inherits@https://registry.npmjs.org/inherits/-/inherits-2.0.3.tgz. Extracting by manifest.
722 silly tarball no local data for unpipe@https://registry.npmjs.org/unpipe/-/unpipe-1.0.0.tgz. Extracting by manifest.
723 silly tarball no local data for safer-buffer@https://registry.npmjs.org/safer-buffer/-/safer-buffer-2.1.2.tgz. Extracting by manifest.
724 silly tarball no local data for raw-body@https://registry.npmjs.org/raw-body/-/raw-body-2.3.3.tgz. Extracting by manifest.
725 silly tarball no local data for bytes@https://registry.npmjs.org/bytes/-/bytes-3.0.0.tgz. Extracting by manifest.
726 silly tarball no local data for iconv-lite@https://registry.npmjs.org/iconv-lite/-/iconv-lite-0.4.23.tgz. Extracting by manifest.
727 silly tarball no local data for negotiator@https://registry.npmjs.org/negotiator/-/negotiator-0.6.3.tgz. Extracting by manifest.
728 silly tarball no local data for mime-types@https://registry.npmjs.org/mime-types/-/mime-types-2.1.35.tgz. Extracting by manifest.
729 silly tarball no local data for utils-merge@https://registry.npmjs.org/utils-merge/-/utils-merge-1.0.1.tgz. Extracting by manifest.
730 silly tarball no local data for type-is@https://registry.npmjs.org/type-is/-/type-is-1.6.18.tgz. Extracting by manifest.
731 silly tarball no local data for vary@https://registry.npmjs.org/vary/-/vary-1.1.2.tgz. Extracting by manifest.
732 silly tarball no local data for statuses@https://registry.npmjs.org/statuses/-/statuses-1.4.0.tgz. Extracting by manifest.
733 silly tarball no local data for setprototypeof@https://registry.npmjs.org/setprototypeof/-/setprototypeof-1.1.0.tgz. Extracting by manifest.
734 silly tarball no local data for serve-static@https://registry.npmjs.org/serve-static/-/serve-static-1.13.2.tgz. Extracting by manifest.
735 silly tarball no local data for safe-buffer@https://registry.npmjs.org/safe-buffer/-/safe-buffer-5.1.2.tgz. Extracting by manifest.
736 silly tarball no local data for send@https://registry.npmjs.org/send/-/send-0.16.2.tgz. Extracting by manifest.
737 silly tarball no local data for qs@https://registry.npmjs.org/qs/-/qs-6.5.2.tgz. Extracting by manifest.
738 silly tarball no local data for parseurl@https://registry.npmjs.org/parseurl/-/parseurl-1.3.3.tgz. Extracting by manifest.
739 silly tarball no local data for range-parser@https://registry.npmjs.org/range-parser/-/range-parser-1.2.1.tgz. Extracting by manifest.
740 silly tarball no local data for path-to-regexp@https://registry.npmjs.org/path-to-regexp/-/path-to-regexp-0.1.7.tgz. Extracting by manifest.
741 silly tarball no local data for on-finished@https://registry.npmjs.org/on-finished/-/on-finished-2.3.0.tgz. Extracting by manifest.
742 silly tarball no local data for methods@https://registry.npmjs.org/methods/-/methods-1.1.2.tgz. Extracting by manifest.
743 silly tarball no local data for proxy-addr@https://registry.npmjs.org/proxy-addr/-/proxy-addr-2.0.7.tgz. Extracting by manifest.
744 silly tarball no local data for fresh@https://registry.npmjs.org/fresh/-/fresh-0.5.2.tgz. Extracting by manifest.
745 silly tarball no local data for finalhandler@https://registry.npmjs.org/finalhandler/-/finalhandler-1.1.1.tgz. Extracting by manifest.
746 silly tarball no local data for merge-descriptors@https://registry.npmjs.org/merge-descriptors/-/merge-descriptors-1.0.1.tgz. Extracting by manifest.
747 silly tarball no local data for etag@https://registry.npmjs.org/etag/-/etag-1.8.1.tgz. Extracting by manifest.
748 silly tarball no local data for escape-html@https://registry.npmjs.org/escape-html/-/escape-html-1.0.3.tgz. Extracting by manifest.
749 silly tarball no local data for encodeurl@https://registry.npmjs.org/encodeurl/-/encodeurl-1.0.2.tgz. Extracting by manifest.
750 silly tarball no local data for depd@https://registry.npmjs.org/depd/-/depd-1.1.2.tgz. Extracting by manifest.
751 silly tarball no local data for content-type@https://registry.npmjs.org/content-type/-/content-type-1.0.5.tgz. Extracting by manifest.
752 silly tarball no local data for content-disposition@https://registry.npmjs.org/content-disposition/-/content-disposition-0.5.2.tgz. Extracting by manifest.
753 silly tarball no local data for body-parser@https://registry.npmjs.org/body-parser/-/body-parser-1.18.3.tgz. Extracting by manifest.
754 silly tarball no local data for accepts@https://registry.npmjs.org/accepts/-/accepts-1.3.8.tgz. Extracting by manifest.
755 silly tarball no local data for array-flatten@https://registry.npmjs.org/array-flatten/-/array-flatten-1.1.1.tgz. Extracting by manifest.
756 silly tarball no local data for ms@https://registry.npmjs.org/ms/-/ms-2.0.0.tgz. Extracting by manifest.
757 silly tarball no local data for cookie-signature@https://registry.npmjs.org/cookie-signature/-/cookie-signature-1.0.6.tgz. Extracting by manifest.
758 silly tarball no local data for cookie@https://registry.npmjs.org/cookie/-/cookie-0.7.2.tgz. Extracting by manifest.
759 silly tarball no local data for express@https://registry.npmjs.org/express/-/express-4.16.4.tgz. Extracting by manifest.
760 silly tarball no local data for mongoose@https://registry.npmjs.org/mongoose/-/mongoose-8.18.2.tgz. Extracting by manifest.
761 silly tarball no local data for jade@https://registry.npmjs.org/jade/-/jade-1.11.0.tgz. Extracting by manifest.
762 silly tarball no local data for http-errors@https://registry.npmjs.org/http-errors/-/http-errors-1.6.3.tgz. Extracting by manifest.
763 silly tarball no local data for debug@https://registry.npmjs.org/debug/-/debug-2.6.9.tgz. Extracting by manifest.
764 silly tarball no local data for cookie-parser@https://registry.npmjs.org/cookie-parser/-/cookie-parser-1.4.7.tgz. Extracting by manifest.
765 silly tarball no local data for morgan@https://registry.npmjs.org/morgan/-/morgan-1.9.1.tgz. Extracting by manifest.
766 silly tarball no local data for source-map@https://registry.npmjs.org/source-map/-/source-map-0.5.7.tgz. Extracting by manifest.
767 silly tarball no local data for acorn@https://registry.npmjs.org/acorn/-/acorn-1.2.2.tgz. Extracting by manifest.
768 silly tarball no local data for debug@https://registry.npmjs.org/debug/-/debug-4.4.3.tgz. Extracting by manifest.
769 silly tarball no local data for is-promise@https://registry.npmjs.org/is-promise/-/is-promise-1.0.1.tgz. Extracting by manifest.
770 silly tarball no local data for ms@https://registry.npmjs.org/ms/-/ms-2.1.3.tgz. Extracting by manifest.
771 silly tarball no local data for commander@https://registry.npmjs.org/commander/-/commander-2.8.1.tgz. Extracting by manifest.
772 silly tarball no local data for promise@https://registry.npmjs.org/promise/-/promise-2.0.0.tgz. Extracting by manifest.
773 silly tarball no local data for uglify-js@https://registry.npmjs.org/uglify-js/-/uglify-js-2.2.5.tgz. Extracting by manifest.
774 silly tarball no local data for ms@https://registry.npmjs.org/ms/-/ms-2.1.3.tgz. Extracting by manifest.
775 silly tarball no local data for source-map@https://registry.npmjs.org/source-map/-/source-map-0.1.43.tgz. Extracting by manifest.
776 silly tarball no local data for cookie@https://registry.npmjs.org/cookie/-/cookie-0.3.1.tgz. Extracting by manifest.
777 http fetch POST 200 https://registry.npmjs.org/-/npm/v1/security/advisories/bulk 1217ms
778 silly audit report {
778 silly audit report   express: [
778 silly audit report     {
778 silly audit report       id: 1100530,
778 silly audit report       url: 'https://github.com/advisories/GHSA-qw6h-vgh9-j6wx',
778 silly audit report       title: 'express vulnerable to XSS via response.redirect()',
778 silly audit report       severity: 'low',
778 silly audit report       vulnerable_versions: '<4.20.0',
778 silly audit report       cwe: [Array],
778 silly audit report       cvss: [Object]
778 silly audit report     },
778 silly audit report     {
778 silly audit report       id: 1096820,
778 silly audit report       url: 'https://github.com/advisories/GHSA-rv95-896h-c2vc',
778 silly audit report       title: 'Express.js Open Redirect in malformed URLs',
778 silly audit report       severity: 'moderate',
778 silly audit report       vulnerable_versions: '<4.19.2',
778 silly audit report       cwe: [Array],
778 silly audit report       cvss: [Object]
778 silly audit report     }
778 silly audit report   ],
778 silly audit report   cookie: [
778 silly audit report     {
778 silly audit report       id: 1103907,
778 silly audit report       url: 'https://github.com/advisories/GHSA-pxg6-pf52-xh8x',
778 silly audit report       title: 'cookie accepts cookie name, path, and domain with out of bounds characters',
778 silly audit report       severity: 'low',
778 silly audit report       vulnerable_versions: '<0.7.0',
778 silly audit report       cwe: [Array],
778 silly audit report       cvss: [Object]
778 silly audit report     }
778 silly audit report   ],
778 silly audit report   'body-parser': [
778 silly audit report     {
778 silly audit report       id: 1099520,
778 silly audit report       url: 'https://github.com/advisories/GHSA-qwcr-r2fm-qrc7',
778 silly audit report       title: 'body-parser vulnerable to denial of service when url encoding is enabled',
778 silly audit report       severity: 'high',
778 silly audit report       vulnerable_versions: '<1.20.3',
778 silly audit report       cwe: [Array],
778 silly audit report       cvss: [Object]
778 silly audit report     }
778 silly audit report   ],
778 silly audit report   'path-to-regexp': [
778 silly audit report     {
778 silly audit report       id: 1101850,
778 silly audit report       url: 'https://github.com/advisories/GHSA-9wv6-86v2-598j',
778 silly audit report       title: 'path-to-regexp outputs backtracking regular expressions',
778 silly audit report       severity: 'high',
778 silly audit report       vulnerable_versions: '<0.1.10',
778 silly audit report       cwe: [Array],
778 silly audit report       cvss: [Object]
778 silly audit report     },
778 silly audit report     {
778 silly audit report       id: 1105199,
778 silly audit report       url: 'https://github.com/advisories/GHSA-rhx6-c78j-4q9w',
778 silly audit report       title: 'path-to-regexp contains a ReDoS',
778 silly audit report       severity: 'high',
778 silly audit report       vulnerable_versions: '<0.1.12',
778 silly audit report       cwe: [Array],
778 silly audit report       cvss: [Object]
778 silly audit report     }
778 silly audit report   ],
778 silly audit report   qs: [
778 silly audit report     {
778 silly audit report       id: 1104118,
778 silly audit report       url: 'https://github.com/advisories/GHSA-hrpp-h998-j3pp',
778 silly audit report       title: 'qs vulnerable to Prototype Pollution',
778 silly audit report       severity: 'high',
778 silly audit report       vulnerable_versions: '>=6.5.0 <6.5.3',
778 silly audit report       cwe: [Array],
778 silly audit report       cvss: [Object]
778 silly audit report     }
778 silly audit report   ],
778 silly audit report   send: [
778 silly audit report     {
778 silly audit report       id: 1100526,
778 silly audit report       url: 'https://github.com/advisories/GHSA-m6fv-jmcg-4jfg',
778 silly audit report       title: 'send vulnerable to template injection that can lead to XSS',
778 silly audit report       severity: 'low',
778 silly audit report       vulnerable_versions: '<0.19.0',
778 silly audit report       cwe: [Array],
778 silly audit report       cvss: [Object]
778 silly audit report     }
778 silly audit report   ],
778 silly audit report   'serve-static': [
778 silly audit report     {
778 silly audit report       id: 1100528,
778 silly audit report       url: 'https://github.com/advisories/GHSA-cm22-4g7w-348p',
778 silly audit report       title: 'serve-static vulnerable to template injection that can lead to XSS',
778 silly audit report       severity: 'low',
778 silly audit report       vulnerable_versions: '<1.16.0',
778 silly audit report       cwe: [Array],
778 silly audit report       cvss: [Object]
778 silly audit report     }
778 silly audit report   ],
778 silly audit report   'clean-css': [
778 silly audit report     {
778 silly audit report       id: 1091669,
778 silly audit report       url: 'https://github.com/advisories/GHSA-wxhq-pm8v-cw75',
778 silly audit report       title: 'Regular Expression Denial of Service in clean-css',
778 silly audit report       severity: 'low',
778 silly audit report       vulnerable_versions: '<4.1.11',
778 silly audit report       cwe: [Array],
778 silly audit report       cvss: [Object]
778 silly audit report     }
778 silly audit report   ],
778 silly audit report   constantinople: [
778 silly audit report     {
778 silly audit report       id: 1090850,
778 silly audit report       url: 'https://github.com/advisories/GHSA-4vmm-mhcq-4x9j',
778 silly audit report       title: 'Sandbox Bypass Leading to Arbitrary Code Execution in constantinople',
778 silly audit report       severity: 'critical',
778 silly audit report       vulnerable_versions: '<3.1.1',
778 silly audit report       cwe: [],
778 silly audit report       cvss: [Object]
778 silly audit report     }
778 silly audit report   ],
778 silly audit report   'uglify-js': [
778 silly audit report     {
778 silly audit report       id: 1091686,
778 silly audit report       url: 'https://github.com/advisories/GHSA-c9f4-xj24-8jqx',
778 silly audit report       title: 'Regular Expression Denial of Service in uglify-js',
778 silly audit report       severity: 'high',
778 silly audit report       vulnerable_versions: '<2.6.0',
778 silly audit report       cwe: [Array],
778 silly audit report       cvss: [Object]
778 silly audit report     },
778 silly audit report     {
778 silly audit report       id: 1091710,
778 silly audit report       url: 'https://github.com/advisories/GHSA-34r7-q49f-h37c',
778 silly audit report       title: 'Incorrect Handling of Non-Boolean Comparisons During Minification in uglify-js',
778 silly audit report       severity: 'critical',
778 silly audit report       vulnerable_versions: '<2.4.24',
778 silly audit report       cwe: [Array],
778 silly audit report       cvss: [Object]
778 silly audit report     }
778 silly audit report   ],
778 silly audit report   'on-headers': [
778 silly audit report     {
778 silly audit report       id: 1106812,
778 silly audit report       url: 'https://github.com/advisories/GHSA-76c9-3jph-rj3q',
778 silly audit report       title: 'on-headers is vulnerable to http response header manipulation',
778 silly audit report       severity: 'low',
778 silly audit report       vulnerable_versions: '<1.1.0',
778 silly audit report       cwe: [Array],
778 silly audit report       cvss: [Object]
778 silly audit report     }
778 silly audit report   ]
778 silly audit report }
779 silly packumentCache corgi:https://registry.npmjs.org/express cache-miss
780 silly packumentCache corgi:https://registry.npmjs.org/cookie cache-miss
781 silly packumentCache corgi:https://registry.npmjs.org/body-parser cache-miss
782 silly packumentCache corgi:https://registry.npmjs.org/path-to-regexp cache-miss
783 silly packumentCache corgi:https://registry.npmjs.org/qs cache-miss
784 silly packumentCache corgi:https://registry.npmjs.org/send cache-miss
785 silly packumentCache corgi:https://registry.npmjs.org/serve-static cache-miss
786 silly packumentCache corgi:https://registry.npmjs.org/clean-css cache-miss
787 silly packumentCache corgi:https://registry.npmjs.org/constantinople cache-miss
788 silly packumentCache corgi:https://registry.npmjs.org/uglify-js cache-miss
789 silly packumentCache corgi:https://registry.npmjs.org/on-headers cache-miss
790 http fetch GET 200 https://registry.npmjs.org/is-buffer/-/is-buffer-1.1.6.tgz 1364ms (cache miss)
791 http fetch GET 200 https://registry.npmjs.org/graceful-readlink/-/graceful-readlink-1.0.1.tgz 1369ms (cache miss)
792 http fetch GET 200 https://registry.npmjs.org/kind-of/-/kind-of-3.2.2.tgz 1362ms (cache miss)
793 http fetch GET 200 https://registry.npmjs.org/longest/-/longest-1.0.1.tgz 1367ms (cache miss)
794 http fetch GET 200 https://registry.npmjs.org/lazy-cache/-/lazy-cache-1.0.4.tgz 1366ms (cache miss)
795 http fetch GET 200 https://registry.npmjs.org/repeat-string/-/repeat-string-1.6.1.tgz 1371ms (cache miss)
796 http fetch GET 200 https://registry.npmjs.org/align-text/-/align-text-0.1.4.tgz 1408ms (cache miss)
797 http fetch GET 200 https://registry.npmjs.org/window-size/-/window-size-0.1.0.tgz 1408ms (cache miss)
798 http fetch GET 200 https://registry.npmjs.org/right-align/-/right-align-0.1.3.tgz 1411ms (cache miss)
799 http fetch GET 200 https://registry.npmjs.org/media-typer/-/media-typer-0.3.0.tgz 1397ms (cache miss)
800 http fetch GET 200 https://registry.npmjs.org/acorn-globals/-/acorn-globals-1.0.9.tgz 1455ms (cache miss)
801 http fetch GET 200 https://registry.npmjs.org/punycode/-/punycode-2.3.1.tgz 1454ms (cache miss)
802 http fetch GET 200 https://registry.npmjs.org/webidl-conversions/-/webidl-conversions-7.0.0.tgz 1517ms (cache miss)
803 http fetch GET 200 https://registry.npmjs.org/mime/-/mime-1.4.1.tgz 1551ms (cache miss)
804 http fetch GET 200 https://registry.npmjs.org/camelcase/-/camelcase-1.2.1.tgz 1574ms (cache miss)
805 http fetch GET 200 https://registry.npmjs.org/uglify-to-browserify/-/uglify-to-browserify-1.0.2.tgz 1566ms (cache miss)
806 http fetch GET 200 https://registry.npmjs.org/css-stringify/-/css-stringify-1.0.5.tgz 1605ms (cache miss)
807 http fetch GET 200 https://registry.npmjs.org/memory-pager/-/memory-pager-1.5.0.tgz 1646ms (cache miss)
808 http fetch GET 200 https://registry.npmjs.org/css/-/css-1.0.8.tgz 1652ms (cache miss)
809 http fetch GET 200 https://registry.npmjs.org/css-parse/-/css-parse-1.0.4.tgz 1655ms (cache miss)
810 http fetch GET 200 https://registry.npmjs.org/amdefine/-/amdefine-1.0.1.tgz 1675ms (cache miss)
811 http fetch GET 200 https://registry.npmjs.org/@types/webidl-conversions/-/webidl-conversions-7.0.3.tgz 1700ms (cache miss)
812 http fetch GET 200 https://registry.npmjs.org/ipaddr.js/-/ipaddr.js-1.9.1.tgz 1739ms (cache miss)
813 http fetch GET 200 https://registry.npmjs.org/destroy/-/destroy-1.0.4.tgz 1737ms (cache miss)
814 http fetch GET 200 https://registry.npmjs.org/forwarded/-/forwarded-0.2.0.tgz 1804ms (cache miss)
815 http fetch GET 200 https://registry.npmjs.org/on-headers/-/on-headers-1.0.2.tgz 1790ms (cache miss)
816 http fetch GET 200 https://registry.npmjs.org/@types/whatwg-url/-/whatwg-url-11.0.5.tgz 1978ms (cache miss)
817 http fetch GET 200 https://registry.npmjs.org/ee-first/-/ee-first-1.1.1.tgz 1984ms (cache miss)
818 http fetch GET 200 https://registry.npmjs.org/asap/-/asap-1.0.0.tgz 2005ms (cache miss)
819 http fetch GET 200 https://registry.npmjs.org/kareem/-/kareem-2.6.3.tgz 2320ms (cache miss)
820 http fetch GET 200 https://registry.npmjs.org/basic-auth/-/basic-auth-2.0.1.tgz 2327ms (cache miss)
821 http fetch GET 200 https://registry.npmjs.org/mpath/-/mpath-0.9.0.tgz 2409ms (cache miss)
822 http fetch GET 200 https://registry.npmjs.org/mongodb-connection-string-url/-/mongodb-connection-string-url-3.0.2.tgz 2498ms (cache miss)
823 http fetch GET 200 https://registry.npmjs.org/with/-/with-4.0.3.tgz 2488ms (cache miss)
824 http fetch GET 200 https://registry.npmjs.org/wordwrap/-/wordwrap-0.0.2.tgz 2661ms (cache miss)
825 http fetch GET 200 https://registry.npmjs.org/decamelize/-/decamelize-1.2.0.tgz 2651ms (cache miss)
826 http fetch GET 200 https://registry.npmjs.org/promise/-/promise-6.1.0.tgz 2579ms (cache miss)
827 http fetch GET 200 https://registry.npmjs.org/center-align/-/center-align-0.1.3.tgz 2741ms (cache miss)
828 http fetch GET 200 https://registry.npmjs.org/is-promise/-/is-promise-2.2.2.tgz 2667ms (cache miss)
829 http fetch GET 200 https://registry.npmjs.org/void-elements/-/void-elements-2.0.1.tgz 2760ms (cache miss)
830 http fetch GET 200 https://registry.npmjs.org/jstransformer/-/jstransformer-0.0.2.tgz 2760ms (cache miss)
831 http fetch GET 200 https://registry.npmjs.org/commander/-/commander-2.6.0.tgz 2985ms (cache miss)
832 http fetch GET 200 https://registry.npmjs.org/safer-buffer/-/safer-buffer-2.1.2.tgz 2974ms (cache miss)
833 http fetch GET 200 https://registry.npmjs.org/character-parser/-/character-parser-1.2.1.tgz 3021ms (cache miss)
834 http fetch GET 200 https://registry.npmjs.org/inherits/-/inherits-2.0.3.tgz 3022ms (cache miss)
835 http fetch GET 200 https://registry.npmjs.org/sparse-bitfield/-/sparse-bitfield-3.0.3.tgz 3142ms (cache miss)
836 http fetch GET 200 https://registry.npmjs.org/unpipe/-/unpipe-1.0.0.tgz 3093ms (cache miss)
837 http fetch GET 200 https://registry.npmjs.org/raw-body/-/raw-body-2.3.3.tgz 3090ms (cache miss)
838 http fetch GET 200 https://registry.npmjs.org/setprototypeof/-/setprototypeof-1.1.0.tgz 3123ms (cache miss)
839 http fetch GET 200 https://registry.npmjs.org/statuses/-/statuses-1.4.0.tgz 3127ms (cache miss)
840 http fetch GET 200 https://registry.npmjs.org/negotiator/-/negotiator-0.6.3.tgz 3137ms (cache miss)
841 http fetch GET 200 https://registry.npmjs.org/parseurl/-/parseurl-1.3.3.tgz 3231ms (cache miss)
842 http fetch GET 200 https://registry.npmjs.org/utils-merge/-/utils-merge-1.0.1.tgz 3283ms (cache miss)
843 http fetch GET 200 https://registry.npmjs.org/bytes/-/bytes-3.0.0.tgz 3435ms (cache miss)
844 http fetch GET 200 https://registry.npmjs.org/mime-types/-/mime-types-2.1.35.tgz 3429ms (cache miss)
845 http fetch GET 200 https://registry.npmjs.org/vary/-/vary-1.1.2.tgz 3427ms (cache miss)
846 http fetch GET 200 https://registry.npmjs.org/tr46/-/tr46-5.1.1.tgz 3601ms (cache miss)
847 http fetch GET 200 https://registry.npmjs.org/serve-static/-/serve-static-1.13.2.tgz 3489ms (cache miss)
848 http fetch GET 200 https://registry.npmjs.org/depd/-/depd-1.1.2.tgz 3475ms (cache miss)
849 http fetch GET 200 https://registry.npmjs.org/merge-descriptors/-/merge-descriptors-1.0.1.tgz 3487ms (cache miss)
850 http fetch GET 200 https://registry.npmjs.org/encodeurl/-/encodeurl-1.0.2.tgz 3477ms (cache miss)
851 http fetch GET 200 https://registry.npmjs.org/mkdirp/-/mkdirp-0.5.6.tgz 3586ms (cache miss)
852 http fetch GET 200 https://registry.npmjs.org/safe-buffer/-/safe-buffer-5.1.2.tgz 3552ms (cache miss)
853 http fetch GET 200 https://registry.npmjs.org/methods/-/methods-1.1.2.tgz 3544ms (cache miss)
854 http fetch GET 200 https://registry.npmjs.org/proxy-addr/-/proxy-addr-2.0.7.tgz 3543ms (cache miss)
855 http fetch GET 200 https://registry.npmjs.org/range-parser/-/range-parser-1.2.1.tgz 3549ms (cache miss)
856 http fetch GET 200 https://registry.npmjs.org/finalhandler/-/finalhandler-1.1.1.tgz 3542ms (cache miss)
857 http fetch GET 200 https://registry.npmjs.org/body-parser/-/body-parser-1.18.3.tgz 3523ms (cache miss)
858 http fetch GET 200 https://registry.npmjs.org/accepts/-/accepts-1.3.8.tgz 3526ms (cache miss)
859 http fetch GET 200 https://registry.npmjs.org/etag/-/etag-1.8.1.tgz 3575ms (cache miss)
860 http fetch GET 200 https://registry.npmjs.org/cookie-signature/-/cookie-signature-1.0.6.tgz 3551ms (cache miss)
861 http fetch GET 200 https://registry.npmjs.org/yargs/-/yargs-3.10.0.tgz 3738ms (cache miss)
862 http fetch GET 200 https://registry.npmjs.org/path-to-regexp/-/path-to-regexp-0.1.7.tgz 3611ms (cache miss)
863 http fetch GET 200 https://registry.npmjs.org/on-finished/-/on-finished-2.3.0.tgz 3611ms (cache miss)
864 http fetch GET 200 https://registry.npmjs.org/ms/-/ms-2.0.0.tgz 3580ms (cache miss)
865 http fetch GET 200 https://registry.npmjs.org/content-disposition/-/content-disposition-0.5.2.tgz 3589ms (cache miss)
866 http fetch GET 200 https://registry.npmjs.org/escape-html/-/escape-html-1.0.3.tgz 3597ms (cache miss)
867 http fetch GET 200 https://registry.npmjs.org/http-errors/-/http-errors-1.6.3.tgz 3581ms (cache miss)
868 http fetch GET 200 https://registry.npmjs.org/fresh/-/fresh-0.5.2.tgz 3649ms (cache miss)
869 http fetch GET 200 https://registry.npmjs.org/array-flatten/-/array-flatten-1.1.1.tgz 3624ms (cache miss)
870 http fetch GET 200 https://registry.npmjs.org/type-is/-/type-is-1.6.18.tgz 3672ms (cache miss)
871 http fetch GET 200 https://registry.npmjs.org/cookie/-/cookie-0.7.2.tgz 3620ms (cache miss)
872 http fetch GET 200 https://registry.npmjs.org/debug/-/debug-4.4.3.tgz 3612ms (cache miss)
873 http fetch GET 200 https://registry.npmjs.org/send/-/send-0.16.2.tgz 3687ms (cache miss)
874 http fetch GET 200 https://registry.npmjs.org/promise/-/promise-2.0.0.tgz 3639ms (cache miss)
875 http fetch GET 200 https://registry.npmjs.org/mime-db/-/mime-db-1.52.0.tgz 3780ms (cache miss)
876 http fetch GET 200 https://registry.npmjs.org/is-promise/-/is-promise-1.0.1.tgz 3661ms (cache miss)
877 http fetch GET 200 https://registry.npmjs.org/cookie/-/cookie-0.3.1.tgz 3640ms (cache miss)
878 http fetch GET 200 https://registry.npmjs.org/cliui/-/cliui-2.1.0.tgz 3870ms (cache miss)
879 http fetch GET 200 https://registry.npmjs.org/morgan/-/morgan-1.9.1.tgz 3688ms (cache miss)
880 http fetch GET 200 https://registry.npmjs.org/content-type/-/content-type-1.0.5.tgz 3718ms (cache miss)
881 http fetch GET 200 https://registry.npmjs.org/ms/-/ms-2.1.3.tgz 3683ms (cache miss)
882 http fetch GET 200 https://registry.npmjs.org/commander/-/commander-2.8.1.tgz 3683ms (cache miss)
883 http fetch GET 200 https://registry.npmjs.org/cookie 2918ms (cache miss)
884 silly packumentCache corgi:https://registry.npmjs.org/cookie set size:undefined disposed:false
885 http fetch GET 200 https://registry.npmjs.org/on-headers 2909ms (cache miss)
886 silly packumentCache corgi:https://registry.npmjs.org/on-headers set size:undefined disposed:false
887 http fetch GET 200 https://registry.npmjs.org/constantinople/-/constantinople-3.0.2.tgz 3837ms (cache miss)
888 http fetch GET 200 https://registry.npmjs.org/ms/-/ms-2.1.3.tgz 3753ms (cache miss)
889 http fetch GET 200 https://registry.npmjs.org/constantinople 2951ms (cache miss)
890 silly packumentCache corgi:https://registry.npmjs.org/constantinople set size:undefined disposed:false
891 http fetch GET 200 https://registry.npmjs.org/cookie-parser/-/cookie-parser-1.4.7.tgz 3787ms (cache miss)
892 http fetch GET 200 https://registry.npmjs.org/path-to-regexp 2983ms (cache miss)
893 silly packumentCache corgi:https://registry.npmjs.org/path-to-regexp set size:undefined disposed:false
894 warn deprecated constantinople@3.0.2: Please update to at least constantinople 3.1.1
895 http fetch GET 200 https://registry.npmjs.org/serve-static 2998ms (cache miss)
896 silly packumentCache corgi:https://registry.npmjs.org/serve-static set size:undefined disposed:false
897 http fetch GET 200 https://registry.npmjs.org/body-parser 3017ms (cache miss)
898 silly packumentCache corgi:https://registry.npmjs.org/body-parser set size:undefined disposed:false
899 http fetch GET 200 https://registry.npmjs.org/send 3018ms (cache miss)
900 silly packumentCache corgi:https://registry.npmjs.org/send set size:undefined disposed:false
901 http fetch GET 200 https://registry.npmjs.org/transformers/-/transformers-2.1.0.tgz 3956ms (cache miss)
902 warn deprecated transformers@2.1.0: Deprecated, use jstransformer
903 http fetch GET 200 https://registry.npmjs.org/clean-css 3033ms (cache miss)
904 silly packumentCache corgi:https://registry.npmjs.org/clean-css set size:undefined disposed:false
905 http fetch GET 200 https://registry.npmjs.org/express 3183ms (cache miss)
906 silly packumentCache corgi:https://registry.npmjs.org/express set size:undefined disposed:false
907 http fetch GET 200 https://registry.npmjs.org/uglify-js 3258ms (cache miss)
908 silly packumentCache corgi:https://registry.npmjs.org/uglify-js set size:undefined disposed:false
909 http fetch GET 200 https://registry.npmjs.org/qs 3344ms (cache miss)
910 silly packumentCache corgi:https://registry.npmjs.org/qs set size:undefined disposed:false
911 http fetch GET 200 https://registry.npmjs.org/mquery/-/mquery-5.0.0.tgz 4300ms (cache miss)
912 http fetch GET 200 https://registry.npmjs.org/whatwg-url/-/whatwg-url-14.2.0.tgz 4322ms (cache miss)
913 http fetch GET 200 https://registry.npmjs.org/debug/-/debug-2.6.9.tgz 4251ms (cache miss)
914 http fetch GET 200 https://registry.npmjs.org/qs/-/qs-6.5.2.tgz 4320ms (cache miss)
915 http fetch GET 200 https://registry.npmjs.org/source-map/-/source-map-0.4.4.tgz 4392ms (cache miss)
916 http fetch GET 200 https://registry.npmjs.org/express/-/express-4.16.4.tgz 4305ms (cache miss)
917 http fetch GET 200 https://registry.npmjs.org/optimist/-/optimist-0.3.7.tgz 4492ms (cache miss)
918 http fetch GET 200 https://registry.npmjs.org/minimist/-/minimist-1.2.8.tgz 4430ms (cache miss)
919 http fetch GET 200 https://registry.npmjs.org/sift/-/sift-17.1.3.tgz 4444ms (cache miss)
920 http fetch GET 200 https://registry.npmjs.org/source-map/-/source-map-0.5.7.tgz 4369ms (cache miss)
921 http fetch GET 200 https://registry.npmjs.org/uglify-js/-/uglify-js-2.8.29.tgz 4509ms (cache miss)
922 http fetch GET 200 https://registry.npmjs.org/uglify-js/-/uglify-js-2.2.5.tgz 4816ms (cache miss)
923 http fetch GET 200 https://registry.npmjs.org/iconv-lite/-/iconv-lite-0.4.23.tgz 4919ms (cache miss)
924 http fetch GET 200 https://registry.npmjs.org/@mongodb-js/saslprep/-/saslprep-1.3.0.tgz 5012ms (cache miss)
925 http fetch GET 200 https://registry.npmjs.org/acorn/-/acorn-2.7.0.tgz 4997ms (cache miss)
926 http fetch GET 200 https://registry.npmjs.org/jade/-/jade-1.11.0.tgz 4892ms (cache miss)
927 warn deprecated jade@1.11.0: Jade has been renamed to pug, please install the latest version of pug instead of jade
928 http fetch GET 200 https://registry.npmjs.org/acorn/-/acorn-1.2.2.tgz 4966ms (cache miss)
929 http fetch GET 200 https://registry.npmjs.org/source-map/-/source-map-0.1.43.tgz 5195ms (cache miss)
930 silly packumentCache corgi:https://registry.npmjs.org/jade cache-miss
931 http fetch GET 200 https://registry.npmjs.org/clean-css/-/clean-css-3.4.28.tgz 5434ms (cache miss)
932 http fetch GET 200 https://registry.npmjs.org/bson/-/bson-6.10.4.tgz 5508ms (cache miss)
933 http fetch GET 200 https://registry.npmjs.org/jade 191ms (cache miss)
934 silly packumentCache corgi:https://registry.npmjs.org/jade set size:undefined disposed:false
935 silly packumentCache corgi:https://registry.npmjs.org/transformers cache-miss
936 http fetch GET 200 https://registry.npmjs.org/transformers 320ms (cache miss)
937 silly packumentCache corgi:https://registry.npmjs.org/transformers set size:undefined disposed:false
938 silly packumentCache corgi:https://registry.npmjs.org/morgan cache-miss
939 http fetch GET 200 https://registry.npmjs.org/morgan 227ms (cache miss)
940 silly packumentCache corgi:https://registry.npmjs.org/morgan set size:undefined disposed:false
941 http fetch GET 200 https://registry.npmjs.org/mongoose/-/mongoose-8.18.2.tgz 7472ms (cache miss)
942 http fetch GET 200 https://registry.npmjs.org/mongodb/-/mongodb-6.18.0.tgz 7949ms (cache miss)
943 silly ADD node_modules/optimist
944 silly ADD node_modules/graceful-readlink
945 silly ADD node_modules/is-buffer
946 silly ADD node_modules/repeat-string
947 silly ADD node_modules/longest
948 silly ADD node_modules/kind-of
949 silly ADD node_modules/lazy-cache
950 silly ADD node_modules/align-text
951 silly ADD node_modules/wordwrap
952 silly ADD node_modules/right-align
953 silly ADD node_modules/center-align
954 silly ADD node_modules/window-size
955 silly ADD node_modules/decamelize
956 silly ADD node_modules/cliui
957 silly ADD node_modules/camelcase
958 silly ADD node_modules/acorn-globals
959 silly ADD node_modules/punycode
960 silly ADD node_modules/webidl-conversions
961 silly ADD node_modules/tr46
962 silly ADD node_modules/yargs
963 silly ADD node_modules/uglify-to-browserify
964 silly ADD node_modules/media-typer
965 silly ADD node_modules/css-stringify
966 silly ADD node_modules/css-parse
967 silly ADD node_modules/css
968 silly ADD node_modules/memory-pager
969 silly ADD node_modules/amdefine
970 silly ADD node_modules/mime
971 silly ADD node_modules/destroy
972 silly ADD node_modules/ipaddr.js
973 silly ADD node_modules/forwarded
974 silly ADD node_modules/asap
975 silly ADD node_modules/ee-first
976 silly ADD node_modules/on-headers
977 silly ADD node_modules/basic-auth
978 silly ADD node_modules/@types/webidl-conversions
979 silly ADD node_modules/whatwg-url
980 silly ADD node_modules/@types/whatwg-url
981 silly ADD node_modules/sparse-bitfield
982 silly ADD node_modules/mongodb-connection-string-url
983 silly ADD node_modules/@mongodb-js/saslprep
984 silly ADD node_modules/sift
985 silly ADD node_modules/mquery
986 silly ADD node_modules/mquery/node_modules/ms
987 silly ADD node_modules/mquery/node_modules/debug
988 silly ADD node_modules/mpath
989 silly ADD node_modules/mongodb
990 silly ADD node_modules/kareem
991 silly ADD node_modules/bson
992 silly ADD node_modules/minimist
993 silly ADD node_modules/mime-db
994 silly ADD node_modules/promise
995 silly ADD node_modules/is-promise
996 silly ADD node_modules/acorn
997 silly ADD node_modules/source-map
998 silly ADD node_modules/with
999 silly ADD node_modules/with/node_modules/acorn
1000 silly ADD node_modules/void-elements
1001 silly ADD node_modules/uglify-js
1002 silly ADD node_modules/uglify-js/node_modules/source-map
1003 silly ADD node_modules/transformers
1004 silly ADD node_modules/transformers/node_modules/source-map
1005 silly ADD node_modules/transformers/node_modules/is-promise
1006 silly ADD node_modules/transformers/node_modules/uglify-js
1007 silly ADD node_modules/transformers/node_modules/promise
1008 silly ADD node_modules/mkdirp
1009 silly ADD node_modules/jstransformer
1010 silly ADD node_modules/constantinople
1011 silly ADD node_modules/commander
1012 silly ADD node_modules/clean-css
1013 silly ADD node_modules/clean-css/node_modules/commander
1014 silly ADD node_modules/character-parser
1015 silly ADD node_modules/safer-buffer
1016 silly ADD node_modules/inherits
1017 silly ADD node_modules/unpipe
1018 silly ADD node_modules/raw-body
1019 silly ADD node_modules/iconv-lite
1020 silly ADD node_modules/bytes
1021 silly ADD node_modules/negotiator
1022 silly ADD node_modules/mime-types
1023 silly ADD node_modules/vary
1024 silly ADD node_modules/utils-merge
1025 silly ADD node_modules/type-is
1026 silly ADD node_modules/statuses
1027 silly ADD node_modules/setprototypeof
1028 silly ADD node_modules/serve-static
1029 silly ADD node_modules/send
1030 silly ADD node_modules/safe-buffer
1031 silly ADD node_modules/range-parser
1032 silly ADD node_modules/qs
1033 silly ADD node_modules/proxy-addr
1034 silly ADD node_modules/path-to-regexp
1035 silly ADD node_modules/parseurl
1036 silly ADD node_modules/on-finished
1037 silly ADD node_modules/methods
1038 silly ADD node_modules/merge-descriptors
1039 silly ADD node_modules/fresh
1040 silly ADD node_modules/finalhandler
1041 silly ADD node_modules/etag
1042 silly ADD node_modules/escape-html
1043 silly ADD node_modules/encodeurl
1044 silly ADD node_modules/depd
1045 silly ADD node_modules/content-type
1046 silly ADD node_modules/content-disposition
1047 silly ADD node_modules/body-parser
1048 silly ADD node_modules/array-flatten
1049 silly ADD node_modules/accepts
1050 silly ADD node_modules/ms
1051 silly ADD node_modules/cookie-signature
1052 silly ADD node_modules/cookie
1053 silly ADD node_modules/morgan
1054 silly ADD node_modules/mongoose
1055 silly ADD node_modules/mongoose/node_modules/ms
1056 silly ADD node_modules/jade
1057 silly ADD node_modules/http-errors
1058 silly ADD node_modules/express
1059 silly ADD node_modules/express/node_modules/cookie
1060 silly ADD node_modules/debug
1061 silly ADD node_modules/cookie-parser
1062 verbose cwd D:\Documents\Github\RiseAcademy Backend\AnonAlert
1063 verbose os Windows_NT 10.0.22000
1064 verbose node v20.17.0
1065 verbose npm  v10.8.2
1066 notice
1066 notice New [31mmajor[39m version of npm available! [31m10.8.2[39m -> [34m11.6.1[39m
1066 notice Changelog: [34mhttps://github.com/npm/cli/releases/tag/v11.6.1[39m
1066 notice To update run: [4mnpm install -g npm@11.6.1[24m
1066 notice  { force: true, [Symbol(proc-log.meta)]: true }
1067 verbose exit 0
1068 info ok
